#
# There is insufficient memory for the Java Runtime Environment to continue.
# Native memory allocation (malloc) failed to allocate 2162000 bytes for Chunk::new
# Possible reasons:
#   The system is out of physical RAM or swap space
#   The process is running with CompressedOops enabled, and the Java Heap may be blocking the growth of the native heap
# Possible solutions:
#   Reduce memory load on the system
#   Increase physical memory or swap space
#   Check if swap backing store is full
#   Decrease Java heap size (-Xmx/-Xms)
#   Decrease number of Java threads
#   Decrease Java thread stack sizes (-Xss)
#   Set larger code cache with -XX:ReservedCodeCacheSize=
#   JVM is running with Unscaled Compressed Oops mode in which the Java heap is
#     placed in the first 4GB address space. The Java Heap base address is the
#     maximum limit for the native heap growth. Please use -XX:HeapBaseMinAddress
#     to set the Java Heap base and to place the Java Heap above 4GB virtual address.
# This output file may be truncated or incomplete.
#
#  Out of Memory Error (arena.cpp:166), pid=3952, tid=20840
#
# JRE version: Java(TM) SE Runtime Environment (21.0+35) (build 21+35-LTS-2513)
# Java VM: Java HotSpot(TM) 64-Bit Server VM (21+35-LTS-2513, mixed mode, sharing, tiered, compressed oops, compressed class ptrs, g1 gc, windows-amd64)
# No core dump will be written. Minidumps are not enabled by default on client versions of Windows
#

---------------  S U M M A R Y ------------

Command Line: -javaagent:C:\Program Files\JetBrains\IntelliJ IDEA Community Edition 2023.2.4\lib\idea_rt.jar=52510:C:\Program Files\JetBrains\IntelliJ IDEA Community Edition 2023.2.4\bin -Dfile.encoding=UTF-8 -Dsun.stdout.encoding=UTF-8 -Dsun.stderr.encoding=UTF-8 --module-path=C:\Users\Lenovo\.m2\repository\org\openjfx\javafx-graphics\21-ea+24\javafx-graphics-21-ea+24-win.jar;C:\Users\Lenovo\.m2\repository\org\openjfx\javafx-base\21-ea+24\javafx-base-21-ea+24-win.jar;C:\Users\Lenovo\.m2\repository\org\openjfx\javafx-controls\21-ea+24\javafx-controls-21-ea+24-win.jar;C:\Users\Lenovo\.m2\repository\org\openjfx\javafx-fxml\21-ea+24\javafx-fxml-21-ea+24-win.jar;C:\Users\Lenovo\IdeaProjects\demo18\target\classes -Djdk.module.main=com.example.demo18 com.example.demo18/com.example.demo18.HelloApplication

Host: Intel(R) Core(TM) i7-1065G7 CPU @ 1.30GHz, 8 cores, 7G,  Windows 10 , 64 bit Build 19041 (10.0.19041.3636)
Time: Thu Dec 14 17:38:47 2023  Windows 10 , 64 bit Build 19041 (10.0.19041.3636) elapsed time: 12.743784 seconds (0d 0h 0m 12s)

---------------  T H R E A D  ---------------

Current thread (0x000002bcffb9da50):  JavaThread "C2 CompilerThread0" daemon [_thread_in_native, id=20840, stack(0x000000e4d4500000,0x000000e4d4600000) (1024K)]


Current CompileTask:
C2:  12743 3200       4       javafx.scene.CssStyleHelper::resolveLookups (463 bytes)

Stack: [0x000000e4d4500000,0x000000e4d4600000]
Native frames: (J=compiled Java code, j=interpreted, Vv=VM code, C=native code)
V  [jvm.dll+0x6c8d39]
V  [jvm.dll+0x854091]
V  [jvm.dll+0x85630e]
V  [jvm.dll+0x8569e3]
V  [jvm.dll+0x2809a6]
V  [jvm.dll+0xc3e6d]
V  [jvm.dll+0xc4383]
V  [jvm.dll+0x3b551c]
V  [jvm.dll+0x1e1fa9]
V  [jvm.dll+0x249952]
V  [jvm.dll+0x248de1]
V  [jvm.dll+0x1c9b91]
V  [jvm.dll+0x2583e9]
V  [jvm.dll+0x2569ca]
V  [jvm.dll+0x3eef66]
V  [jvm.dll+0x7fd2c8]
V  [jvm.dll+0x6c748d]
C  [ucrtbase.dll+0x21bb2]
C  [KERNEL32.DLL+0x17344]
C  [ntdll.dll+0x526b1]


---------------  P R O C E S S  ---------------

Threads class SMR info:
_java_thread_list=0x000002bce05e7d10, length=20, elements={
0x000002bcfa3d0c80, 0x000002bcffb87fb0, 0x000002bcffb89080, 0x000002bcffb8e9b0,
0x000002bcffb8f410, 0x000002bcffb909f0, 0x000002bcffb91450, 0x000002bcffb9da50,
0x000002bcffba0ac0, 0x000002bc99531450, 0x000002bcdf1b3010, 0x000002bcdf1b3680,
0x000002bcdf78fc10, 0x000002bcdfa60e50, 0x000002bcdfb5ce80, 0x000002bce0022540,
0x000002bcdfb9f6f0, 0x000002bce064fa00, 0x000002bce0650090, 0x000002bce064ece0
}

Java Threads: ( => current thread )
  0x000002bcfa3d0c80 JavaThread "main"                              [_thread_blocked, id=17148, stack(0x000000e4d3700000,0x000000e4d3800000) (1024K)]
  0x000002bcffb87fb0 JavaThread "Reference Handler"          daemon [_thread_blocked, id=7648, stack(0x000000e4d3f00000,0x000000e4d4000000) (1024K)]
  0x000002bcffb89080 JavaThread "Finalizer"                  daemon [_thread_blocked, id=13704, stack(0x000000e4d4000000,0x000000e4d4100000) (1024K)]
  0x000002bcffb8e9b0 JavaThread "Signal Dispatcher"          daemon [_thread_blocked, id=14140, stack(0x000000e4d4100000,0x000000e4d4200000) (1024K)]
  0x000002bcffb8f410 JavaThread "Attach Listener"            daemon [_thread_blocked, id=10752, stack(0x000000e4d4200000,0x000000e4d4300000) (1024K)]
  0x000002bcffb909f0 JavaThread "Service Thread"             daemon [_thread_blocked, id=10736, stack(0x000000e4d4300000,0x000000e4d4400000) (1024K)]
  0x000002bcffb91450 JavaThread "Monitor Deflation Thread"   daemon [_thread_blocked, id=1312, stack(0x000000e4d4400000,0x000000e4d4500000) (1024K)]
=>0x000002bcffb9da50 JavaThread "C2 CompilerThread0"         daemon [_thread_in_native, id=20840, stack(0x000000e4d4500000,0x000000e4d4600000) (1024K)]
  0x000002bcffba0ac0 JavaThread "C1 CompilerThread0"         daemon [_thread_blocked, id=16960, stack(0x000000e4d4600000,0x000000e4d4700000) (1024K)]
  0x000002bc99531450 JavaThread "Common-Cleaner"             daemon [_thread_blocked, id=10020, stack(0x000000e4d4700000,0x000000e4d4800000) (1024K)]
  0x000002bcdf1b3010 JavaThread "Monitor Ctrl-Break"         daemon [_thread_in_native, id=17584, stack(0x000000e4d4a00000,0x000000e4d4b00000) (1024K)]
  0x000002bcdf1b3680 JavaThread "Notification Thread"        daemon [_thread_blocked, id=17240, stack(0x000000e4d4b00000,0x000000e4d4c00000) (1024K)]
  0x000002bcdf78fc10 JavaThread "QuantumRenderer-0"          daemon [_thread_blocked, id=9668, stack(0x000000e4d4900000,0x000000e4d4a00000) (1024K)]
  0x000002bcdfa60e50 JavaThread "InvokeLaterDispatcher"      daemon [_thread_blocked, id=6216, stack(0x000000e4d4c00000,0x000000e4d4d00000) (1024K)]
  0x000002bcdfb5ce80 JavaThread "JavaFX Application Thread"         [_thread_in_native, id=3560, stack(0x000000e4d4d00000,0x000000e4d4e00000) (1024K)]
  0x000002bce0022540 JavaThread "Thread-1"                   daemon [_thread_in_native, id=18604, stack(0x000000e4d4800000,0x000000e4d4900000) (1024K)]
  0x000002bcdfb9f6f0 JavaThread "JavaFX-Launcher"                   [_thread_blocked, id=9688, stack(0x000000e4d5100000,0x000000e4d5200000) (1024K)]
  0x000002bce064fa00 JavaThread "PostgreSQL-JDBC-Cleaner"    daemon [_thread_blocked, id=17876, stack(0x000000e4d5a00000,0x000000e4d5b00000) (1024K)]
  0x000002bce0650090 JavaThread "Prism Font Disposer"        daemon [_thread_blocked, id=7932, stack(0x000000e4d6000000,0x000000e4d6100000) (1024K)]
  0x000002bce064ece0 JavaThread "Cleaner-0"                  daemon [_thread_blocked, id=16540, stack(0x000000e4d6100000,0x000000e4d6200000) (1024K)]
Total: 20

Other Threads:
  0x000002bcffb657c0 VMThread "VM Thread"                           [id=20700, stack(0x000000e4d3e00000,0x000000e4d3f00000) (1024K)]
  0x000002bcffb4cfd0 WatcherThread "VM Periodic Task Thread"        [id=3640, stack(0x000000e4d3d00000,0x000000e4d3e00000) (1024K)]
  0x000002bcfc6ca2e0 WorkerThread "GC Thread#0"                     [id=5004, stack(0x000000e4d3800000,0x000000e4d3900000) (1024K)]
  0x000002bcdf9fbc30 WorkerThread "GC Thread#1"                     [id=776, stack(0x000000e4d5200000,0x000000e4d5300000) (1024K)]
  0x000002bcdfba8f40 WorkerThread "GC Thread#2"                     [id=17884, stack(0x000000e4d5300000,0x000000e4d5400000) (1024K)]
  0x000002bcdfba92e0 WorkerThread "GC Thread#3"                     [id=3252, stack(0x000000e4d5400000,0x000000e4d5500000) (1024K)]
  0x000002bcdfbb4e30 WorkerThread "GC Thread#4"                     [id=19760, stack(0x000000e4d5500000,0x000000e4d5600000) (1024K)]
  0x000002bcdfbb51d0 WorkerThread "GC Thread#5"                     [id=6400, stack(0x000000e4d5600000,0x000000e4d5700000) (1024K)]
  0x000002bce0436f60 WorkerThread "GC Thread#6"                     [id=14064, stack(0x000000e4d5b00000,0x000000e4d5c00000) (1024K)]
  0x000002bce03d6990 WorkerThread "GC Thread#7"                     [id=20212, stack(0x000000e4d5c00000,0x000000e4d5d00000) (1024K)]
  0x000002bcfc6dbae0 ConcurrentGCThread "G1 Main Marker"            [id=10740, stack(0x000000e4d3900000,0x000000e4d3a00000) (1024K)]
  0x000002bcfc6dc6a0 WorkerThread "G1 Conc#0"                       [id=14052, stack(0x000000e4d3a00000,0x000000e4d3b00000) (1024K)]
  0x000002bcffa220c0 ConcurrentGCThread "G1 Refine#0"               [id=21128, stack(0x000000e4d3b00000,0x000000e4d3c00000) (1024K)]
  0x000002bcffa22b40 ConcurrentGCThread "G1 Service"                [id=11808, stack(0x000000e4d3c00000,0x000000e4d3d00000) (1024K)]
Total: 14

Threads with active compile tasks:
C2 CompilerThread0    12773 3200       4       javafx.scene.CssStyleHelper::resolveLookups (463 bytes)
Total: 1

VM state: not at safepoint (normal execution)

VM Mutex/Monitor currently owned by a thread: None

Heap address: 0x0000000083800000, size: 1992 MB, Compressed Oops mode: 32-bit

CDS archive(s) mapped at: [0x000002bc9a000000-0x000002bc9ac90000-0x000002bc9ac90000), size 13172736, SharedBaseAddress: 0x000002bc9a000000, ArchiveRelocationMode: 1.
Compressed class space mapped at: 0x000002bc9b000000-0x000002bcdb000000, reserved size: 1073741824
Narrow klass base: 0x000002bc9a000000, Narrow klass shift: 0, Narrow klass range: 0x100000000

GC Precious Log:
 CardTable entry size: 512
 Card Set container configuration: InlinePtr #cards 5 size 8 Array Of Cards #cards 12 size 40 Howl #buckets 4 coarsen threshold 1843 Howl Bitmap #cards 512 size 80 coarsen threshold 460 Card regions per heap region 1 cards per card region 2048
 CPUs: 8 total, 8 available
 Memory: 7960M
 Large Page Support: Disabled
 NUMA Support: Disabled
 Compressed Oops: Enabled (32-bit)
 Heap Region Size: 1M
 Heap Min Capacity: 8M
 Heap Initial Capacity: 126M
 Heap Max Capacity: 1992M
 Pre-touch: Disabled
 Parallel Workers: 8
 Concurrent Workers: 2
 Concurrent Refinement Workers: 8
 Periodic GC: Disabled

Heap:
 garbage-first heap   total 129024K, used 39540K [0x0000000083800000, 0x0000000100000000)
  region size 1024K, 36 young (36864K), 5 survivors (5120K)
 Metaspace       used 20666K, committed 21056K, reserved 1114112K
  class space    used 2969K, committed 3136K, reserved 1048576K

Heap Regions: E=young(eden), S=young(survivor), O=old, HS=humongous(starts), HC=humongous(continues), CS=collection set, F=free, TAMS=top-at-mark-start, PB=parsable bottom
|   0|0x0000000083800000, 0x0000000083900000, 0x0000000083900000|100%| O|  |TAMS 0x0000000083800000| PB 0x0000000083800000| Untracked 
|   1|0x0000000083900000, 0x0000000083a00000, 0x0000000083a00000|100%| O|  |TAMS 0x0000000083900000| PB 0x0000000083900000| Untracked 
|   2|0x0000000083a00000, 0x0000000083a9d360, 0x0000000083b00000| 61%| O|  |TAMS 0x0000000083a00000| PB 0x0000000083a00000| Untracked 
|   3|0x0000000083b00000, 0x0000000083c00000, 0x0000000083c00000|100%|HS|  |TAMS 0x0000000083b00000| PB 0x0000000083b00000| Complete 
|   4|0x0000000083c00000, 0x0000000083d00000, 0x0000000083d00000|100%|HC|  |TAMS 0x0000000083c00000| PB 0x0000000083c00000| Complete 
|   5|0x0000000083d00000, 0x0000000083d00000, 0x0000000083e00000|  0%| F|  |TAMS 0x0000000083d00000| PB 0x0000000083d00000| Untracked 
|   6|0x0000000083e00000, 0x0000000083e00000, 0x0000000083f00000|  0%| F|  |TAMS 0x0000000083e00000| PB 0x0000000083e00000| Untracked 
|   7|0x0000000083f00000, 0x0000000083f00000, 0x0000000084000000|  0%| F|  |TAMS 0x0000000083f00000| PB 0x0000000083f00000| Untracked 
|   8|0x0000000084000000, 0x0000000084000000, 0x0000000084100000|  0%| F|  |TAMS 0x0000000084000000| PB 0x0000000084000000| Untracked 
|   9|0x0000000084100000, 0x0000000084100000, 0x0000000084200000|  0%| F|  |TAMS 0x0000000084100000| PB 0x0000000084100000| Untracked 
|  10|0x0000000084200000, 0x0000000084200000, 0x0000000084300000|  0%| F|  |TAMS 0x0000000084200000| PB 0x0000000084200000| Untracked 
|  11|0x0000000084300000, 0x0000000084300000, 0x0000000084400000|  0%| F|  |TAMS 0x0000000084300000| PB 0x0000000084300000| Untracked 
|  12|0x0000000084400000, 0x0000000084400000, 0x0000000084500000|  0%| F|  |TAMS 0x0000000084400000| PB 0x0000000084400000| Untracked 
|  13|0x0000000084500000, 0x0000000084500000, 0x0000000084600000|  0%| F|  |TAMS 0x0000000084500000| PB 0x0000000084500000| Untracked 
|  14|0x0000000084600000, 0x0000000084600000, 0x0000000084700000|  0%| F|  |TAMS 0x0000000084600000| PB 0x0000000084600000| Untracked 
|  15|0x0000000084700000, 0x0000000084700000, 0x0000000084800000|  0%| F|  |TAMS 0x0000000084700000| PB 0x0000000084700000| Untracked 
|  16|0x0000000084800000, 0x0000000084800000, 0x0000000084900000|  0%| F|  |TAMS 0x0000000084800000| PB 0x0000000084800000| Untracked 
|  17|0x0000000084900000, 0x0000000084900000, 0x0000000084a00000|  0%| F|  |TAMS 0x0000000084900000| PB 0x0000000084900000| Untracked 
|  18|0x0000000084a00000, 0x0000000084a00000, 0x0000000084b00000|  0%| F|  |TAMS 0x0000000084a00000| PB 0x0000000084a00000| Untracked 
|  19|0x0000000084b00000, 0x0000000084b00000, 0x0000000084c00000|  0%| F|  |TAMS 0x0000000084b00000| PB 0x0000000084b00000| Untracked 
|  20|0x0000000084c00000, 0x0000000084c00000, 0x0000000084d00000|  0%| F|  |TAMS 0x0000000084c00000| PB 0x0000000084c00000| Untracked 
|  21|0x0000000084d00000, 0x0000000084d00000, 0x0000000084e00000|  0%| F|  |TAMS 0x0000000084d00000| PB 0x0000000084d00000| Untracked 
|  22|0x0000000084e00000, 0x0000000084e00000, 0x0000000084f00000|  0%| F|  |TAMS 0x0000000084e00000| PB 0x0000000084e00000| Untracked 
|  23|0x0000000084f00000, 0x0000000084f00000, 0x0000000085000000|  0%| F|  |TAMS 0x0000000084f00000| PB 0x0000000084f00000| Untracked 
|  24|0x0000000085000000, 0x0000000085000000, 0x0000000085100000|  0%| F|  |TAMS 0x0000000085000000| PB 0x0000000085000000| Untracked 
|  25|0x0000000085100000, 0x0000000085100000, 0x0000000085200000|  0%| F|  |TAMS 0x0000000085100000| PB 0x0000000085100000| Untracked 
|  26|0x0000000085200000, 0x0000000085200000, 0x0000000085300000|  0%| F|  |TAMS 0x0000000085200000| PB 0x0000000085200000| Untracked 
|  27|0x0000000085300000, 0x0000000085300000, 0x0000000085400000|  0%| F|  |TAMS 0x0000000085300000| PB 0x0000000085300000| Untracked 
|  28|0x0000000085400000, 0x0000000085400000, 0x0000000085500000|  0%| F|  |TAMS 0x0000000085400000| PB 0x0000000085400000| Untracked 
|  29|0x0000000085500000, 0x0000000085500000, 0x0000000085600000|  0%| F|  |TAMS 0x0000000085500000| PB 0x0000000085500000| Untracked 
|  30|0x0000000085600000, 0x0000000085600000, 0x0000000085700000|  0%| F|  |TAMS 0x0000000085600000| PB 0x0000000085600000| Untracked 
|  31|0x0000000085700000, 0x0000000085700000, 0x0000000085800000|  0%| F|  |TAMS 0x0000000085700000| PB 0x0000000085700000| Untracked 
|  32|0x0000000085800000, 0x0000000085800000, 0x0000000085900000|  0%| F|  |TAMS 0x0000000085800000| PB 0x0000000085800000| Untracked 
|  33|0x0000000085900000, 0x0000000085900000, 0x0000000085a00000|  0%| F|  |TAMS 0x0000000085900000| PB 0x0000000085900000| Untracked 
|  34|0x0000000085a00000, 0x0000000085a00000, 0x0000000085b00000|  0%| F|  |TAMS 0x0000000085a00000| PB 0x0000000085a00000| Untracked 
|  35|0x0000000085b00000, 0x0000000085b00000, 0x0000000085c00000|  0%| F|  |TAMS 0x0000000085b00000| PB 0x0000000085b00000| Untracked 
|  36|0x0000000085c00000, 0x0000000085c00000, 0x0000000085d00000|  0%| F|  |TAMS 0x0000000085c00000| PB 0x0000000085c00000| Untracked 
|  37|0x0000000085d00000, 0x0000000085d00000, 0x0000000085e00000|  0%| F|  |TAMS 0x0000000085d00000| PB 0x0000000085d00000| Untracked 
|  38|0x0000000085e00000, 0x0000000085e00000, 0x0000000085f00000|  0%| F|  |TAMS 0x0000000085e00000| PB 0x0000000085e00000| Untracked 
|  39|0x0000000085f00000, 0x0000000085f00000, 0x0000000086000000|  0%| F|  |TAMS 0x0000000085f00000| PB 0x0000000085f00000| Untracked 
|  40|0x0000000086000000, 0x0000000086000000, 0x0000000086100000|  0%| F|  |TAMS 0x0000000086000000| PB 0x0000000086000000| Untracked 
|  41|0x0000000086100000, 0x0000000086100000, 0x0000000086200000|  0%| F|  |TAMS 0x0000000086100000| PB 0x0000000086100000| Untracked 
|  42|0x0000000086200000, 0x0000000086200000, 0x0000000086300000|  0%| F|  |TAMS 0x0000000086200000| PB 0x0000000086200000| Untracked 
|  43|0x0000000086300000, 0x0000000086300000, 0x0000000086400000|  0%| F|  |TAMS 0x0000000086300000| PB 0x0000000086300000| Untracked 
|  44|0x0000000086400000, 0x0000000086400000, 0x0000000086500000|  0%| F|  |TAMS 0x0000000086400000| PB 0x0000000086400000| Untracked 
|  45|0x0000000086500000, 0x0000000086500000, 0x0000000086600000|  0%| F|  |TAMS 0x0000000086500000| PB 0x0000000086500000| Untracked 
|  46|0x0000000086600000, 0x0000000086600000, 0x0000000086700000|  0%| F|  |TAMS 0x0000000086600000| PB 0x0000000086600000| Untracked 
|  47|0x0000000086700000, 0x0000000086700000, 0x0000000086800000|  0%| F|  |TAMS 0x0000000086700000| PB 0x0000000086700000| Untracked 
|  48|0x0000000086800000, 0x0000000086800000, 0x0000000086900000|  0%| F|  |TAMS 0x0000000086800000| PB 0x0000000086800000| Untracked 
|  49|0x0000000086900000, 0x0000000086900000, 0x0000000086a00000|  0%| F|  |TAMS 0x0000000086900000| PB 0x0000000086900000| Untracked 
|  50|0x0000000086a00000, 0x0000000086a00000, 0x0000000086b00000|  0%| F|  |TAMS 0x0000000086a00000| PB 0x0000000086a00000| Untracked 
|  51|0x0000000086b00000, 0x0000000086b00000, 0x0000000086c00000|  0%| F|  |TAMS 0x0000000086b00000| PB 0x0000000086b00000| Untracked 
|  52|0x0000000086c00000, 0x0000000086c00000, 0x0000000086d00000|  0%| F|  |TAMS 0x0000000086c00000| PB 0x0000000086c00000| Untracked 
|  53|0x0000000086d00000, 0x0000000086d00000, 0x0000000086e00000|  0%| F|  |TAMS 0x0000000086d00000| PB 0x0000000086d00000| Untracked 
|  54|0x0000000086e00000, 0x0000000086e00000, 0x0000000086f00000|  0%| F|  |TAMS 0x0000000086e00000| PB 0x0000000086e00000| Untracked 
|  55|0x0000000086f00000, 0x0000000086f00000, 0x0000000087000000|  0%| F|  |TAMS 0x0000000086f00000| PB 0x0000000086f00000| Untracked 
|  56|0x0000000087000000, 0x0000000087000000, 0x0000000087100000|  0%| F|  |TAMS 0x0000000087000000| PB 0x0000000087000000| Untracked 
|  57|0x0000000087100000, 0x0000000087100000, 0x0000000087200000|  0%| F|  |TAMS 0x0000000087100000| PB 0x0000000087100000| Untracked 
|  58|0x0000000087200000, 0x0000000087200000, 0x0000000087300000|  0%| F|  |TAMS 0x0000000087200000| PB 0x0000000087200000| Untracked 
|  59|0x0000000087300000, 0x0000000087300000, 0x0000000087400000|  0%| F|  |TAMS 0x0000000087300000| PB 0x0000000087300000| Untracked 
|  60|0x0000000087400000, 0x0000000087400000, 0x0000000087500000|  0%| F|  |TAMS 0x0000000087400000| PB 0x0000000087400000| Untracked 
|  61|0x0000000087500000, 0x0000000087500000, 0x0000000087600000|  0%| F|  |TAMS 0x0000000087500000| PB 0x0000000087500000| Untracked 
|  62|0x0000000087600000, 0x0000000087600000, 0x0000000087700000|  0%| F|  |TAMS 0x0000000087600000| PB 0x0000000087600000| Untracked 
|  63|0x0000000087700000, 0x0000000087700000, 0x0000000087800000|  0%| F|  |TAMS 0x0000000087700000| PB 0x0000000087700000| Untracked 
|  64|0x0000000087800000, 0x0000000087800000, 0x0000000087900000|  0%| F|  |TAMS 0x0000000087800000| PB 0x0000000087800000| Untracked 
|  65|0x0000000087900000, 0x0000000087900000, 0x0000000087a00000|  0%| F|  |TAMS 0x0000000087900000| PB 0x0000000087900000| Untracked 
|  66|0x0000000087a00000, 0x0000000087a00000, 0x0000000087b00000|  0%| F|  |TAMS 0x0000000087a00000| PB 0x0000000087a00000| Untracked 
|  67|0x0000000087b00000, 0x0000000087b00000, 0x0000000087c00000|  0%| F|  |TAMS 0x0000000087b00000| PB 0x0000000087b00000| Untracked 
|  68|0x0000000087c00000, 0x0000000087c00000, 0x0000000087d00000|  0%| F|  |TAMS 0x0000000087c00000| PB 0x0000000087c00000| Untracked 
|  69|0x0000000087d00000, 0x0000000087d00000, 0x0000000087e00000|  0%| F|  |TAMS 0x0000000087d00000| PB 0x0000000087d00000| Untracked 
|  70|0x0000000087e00000, 0x0000000087e00000, 0x0000000087f00000|  0%| F|  |TAMS 0x0000000087e00000| PB 0x0000000087e00000| Untracked 
|  71|0x0000000087f00000, 0x0000000087f00000, 0x0000000088000000|  0%| F|  |TAMS 0x0000000087f00000| PB 0x0000000087f00000| Untracked 
|  72|0x0000000088000000, 0x0000000088000000, 0x0000000088100000|  0%| F|  |TAMS 0x0000000088000000| PB 0x0000000088000000| Untracked 
|  73|0x0000000088100000, 0x0000000088100000, 0x0000000088200000|  0%| F|  |TAMS 0x0000000088100000| PB 0x0000000088100000| Untracked 
|  74|0x0000000088200000, 0x0000000088200000, 0x0000000088300000|  0%| F|  |TAMS 0x0000000088200000| PB 0x0000000088200000| Untracked 
|  75|0x0000000088300000, 0x0000000088300000, 0x0000000088400000|  0%| F|  |TAMS 0x0000000088300000| PB 0x0000000088300000| Untracked 
|  76|0x0000000088400000, 0x0000000088400000, 0x0000000088500000|  0%| F|  |TAMS 0x0000000088400000| PB 0x0000000088400000| Untracked 
|  77|0x0000000088500000, 0x0000000088500000, 0x0000000088600000|  0%| F|  |TAMS 0x0000000088500000| PB 0x0000000088500000| Untracked 
|  78|0x0000000088600000, 0x0000000088600000, 0x0000000088700000|  0%| F|  |TAMS 0x0000000088600000| PB 0x0000000088600000| Untracked 
|  79|0x0000000088700000, 0x0000000088700000, 0x0000000088800000|  0%| F|  |TAMS 0x0000000088700000| PB 0x0000000088700000| Untracked 
|  80|0x0000000088800000, 0x0000000088800000, 0x0000000088900000|  0%| F|  |TAMS 0x0000000088800000| PB 0x0000000088800000| Untracked 
|  81|0x0000000088900000, 0x0000000088900000, 0x0000000088a00000|  0%| F|  |TAMS 0x0000000088900000| PB 0x0000000088900000| Untracked 
|  82|0x0000000088a00000, 0x0000000088a00000, 0x0000000088b00000|  0%| F|  |TAMS 0x0000000088a00000| PB 0x0000000088a00000| Untracked 
|  83|0x0000000088b00000, 0x0000000088b00000, 0x0000000088c00000|  0%| F|  |TAMS 0x0000000088b00000| PB 0x0000000088b00000| Untracked 
|  84|0x0000000088c00000, 0x0000000088d00000, 0x0000000088d00000|100%| S|CS|TAMS 0x0000000088c00000| PB 0x0000000088c00000| Complete 
|  85|0x0000000088d00000, 0x0000000088e00000, 0x0000000088e00000|100%| S|CS|TAMS 0x0000000088d00000| PB 0x0000000088d00000| Complete 
|  86|0x0000000088e00000, 0x0000000088f00000, 0x0000000088f00000|100%| S|CS|TAMS 0x0000000088e00000| PB 0x0000000088e00000| Complete 
|  87|0x0000000088f00000, 0x0000000089000000, 0x0000000089000000|100%| S|CS|TAMS 0x0000000088f00000| PB 0x0000000088f00000| Complete 
|  88|0x0000000089000000, 0x0000000089100000, 0x0000000089100000|100%| S|CS|TAMS 0x0000000089000000| PB 0x0000000089000000| Complete 
|  89|0x0000000089100000, 0x0000000089100000, 0x0000000089200000|  0%| F|  |TAMS 0x0000000089100000| PB 0x0000000089100000| Untracked 
|  90|0x0000000089200000, 0x0000000089200000, 0x0000000089300000|  0%| F|  |TAMS 0x0000000089200000| PB 0x0000000089200000| Untracked 
|  91|0x0000000089300000, 0x0000000089300000, 0x0000000089400000|  0%| F|  |TAMS 0x0000000089300000| PB 0x0000000089300000| Untracked 
|  92|0x0000000089400000, 0x0000000089400000, 0x0000000089500000|  0%| F|  |TAMS 0x0000000089400000| PB 0x0000000089400000| Untracked 
|  93|0x0000000089500000, 0x0000000089500000, 0x0000000089600000|  0%| F|  |TAMS 0x0000000089500000| PB 0x0000000089500000| Untracked 
|  94|0x0000000089600000, 0x0000000089600000, 0x0000000089700000|  0%| F|  |TAMS 0x0000000089600000| PB 0x0000000089600000| Untracked 
|  95|0x0000000089700000, 0x00000000897737f8, 0x0000000089800000| 45%| E|  |TAMS 0x0000000089700000| PB 0x0000000089700000| Complete 
|  96|0x0000000089800000, 0x0000000089900000, 0x0000000089900000|100%| E|CS|TAMS 0x0000000089800000| PB 0x0000000089800000| Complete 
|  97|0x0000000089900000, 0x0000000089a00000, 0x0000000089a00000|100%| E|CS|TAMS 0x0000000089900000| PB 0x0000000089900000| Complete 
|  98|0x0000000089a00000, 0x0000000089b00000, 0x0000000089b00000|100%| E|CS|TAMS 0x0000000089a00000| PB 0x0000000089a00000| Complete 
|  99|0x0000000089b00000, 0x0000000089c00000, 0x0000000089c00000|100%| E|CS|TAMS 0x0000000089b00000| PB 0x0000000089b00000| Complete 
| 100|0x0000000089c00000, 0x0000000089d00000, 0x0000000089d00000|100%| E|  |TAMS 0x0000000089c00000| PB 0x0000000089c00000| Complete 
| 101|0x0000000089d00000, 0x0000000089e00000, 0x0000000089e00000|100%| E|CS|TAMS 0x0000000089d00000| PB 0x0000000089d00000| Complete 
| 102|0x0000000089e00000, 0x0000000089f00000, 0x0000000089f00000|100%| E|CS|TAMS 0x0000000089e00000| PB 0x0000000089e00000| Complete 
| 103|0x0000000089f00000, 0x000000008a000000, 0x000000008a000000|100%| E|CS|TAMS 0x0000000089f00000| PB 0x0000000089f00000| Complete 
| 104|0x000000008a000000, 0x000000008a100000, 0x000000008a100000|100%| E|CS|TAMS 0x000000008a000000| PB 0x000000008a000000| Complete 
| 105|0x000000008a100000, 0x000000008a200000, 0x000000008a200000|100%| E|CS|TAMS 0x000000008a100000| PB 0x000000008a100000| Complete 
| 106|0x000000008a200000, 0x000000008a300000, 0x000000008a300000|100%| E|CS|TAMS 0x000000008a200000| PB 0x000000008a200000| Complete 
| 107|0x000000008a300000, 0x000000008a400000, 0x000000008a400000|100%| E|CS|TAMS 0x000000008a300000| PB 0x000000008a300000| Complete 
| 108|0x000000008a400000, 0x000000008a500000, 0x000000008a500000|100%| E|CS|TAMS 0x000000008a400000| PB 0x000000008a400000| Complete 
| 109|0x000000008a500000, 0x000000008a600000, 0x000000008a600000|100%| E|CS|TAMS 0x000000008a500000| PB 0x000000008a500000| Complete 
| 110|0x000000008a600000, 0x000000008a700000, 0x000000008a700000|100%| E|CS|TAMS 0x000000008a600000| PB 0x000000008a600000| Complete 
| 111|0x000000008a700000, 0x000000008a800000, 0x000000008a800000|100%| E|CS|TAMS 0x000000008a700000| PB 0x000000008a700000| Complete 
| 112|0x000000008a800000, 0x000000008a900000, 0x000000008a900000|100%| E|CS|TAMS 0x000000008a800000| PB 0x000000008a800000| Complete 
| 113|0x000000008a900000, 0x000000008aa00000, 0x000000008aa00000|100%| E|CS|TAMS 0x000000008a900000| PB 0x000000008a900000| Complete 
| 114|0x000000008aa00000, 0x000000008ab00000, 0x000000008ab00000|100%| E|CS|TAMS 0x000000008aa00000| PB 0x000000008aa00000| Complete 
| 115|0x000000008ab00000, 0x000000008ac00000, 0x000000008ac00000|100%| E|CS|TAMS 0x000000008ab00000| PB 0x000000008ab00000| Complete 
| 116|0x000000008ac00000, 0x000000008ad00000, 0x000000008ad00000|100%| E|CS|TAMS 0x000000008ac00000| PB 0x000000008ac00000| Complete 
| 117|0x000000008ad00000, 0x000000008ae00000, 0x000000008ae00000|100%| E|CS|TAMS 0x000000008ad00000| PB 0x000000008ad00000| Complete 
| 118|0x000000008ae00000, 0x000000008af00000, 0x000000008af00000|100%| E|CS|TAMS 0x000000008ae00000| PB 0x000000008ae00000| Complete 
| 119|0x000000008af00000, 0x000000008b000000, 0x000000008b000000|100%| E|CS|TAMS 0x000000008af00000| PB 0x000000008af00000| Complete 
| 120|0x000000008b000000, 0x000000008b100000, 0x000000008b100000|100%| E|CS|TAMS 0x000000008b000000| PB 0x000000008b000000| Complete 
| 121|0x000000008b100000, 0x000000008b200000, 0x000000008b200000|100%| E|CS|TAMS 0x000000008b100000| PB 0x000000008b100000| Complete 
| 122|0x000000008b200000, 0x000000008b300000, 0x000000008b300000|100%| E|CS|TAMS 0x000000008b200000| PB 0x000000008b200000| Complete 
| 123|0x000000008b300000, 0x000000008b400000, 0x000000008b400000|100%| E|CS|TAMS 0x000000008b300000| PB 0x000000008b300000| Complete 
| 124|0x000000008b400000, 0x000000008b500000, 0x000000008b500000|100%| E|CS|TAMS 0x000000008b400000| PB 0x000000008b400000| Complete 
| 125|0x000000008b500000, 0x000000008b600000, 0x000000008b600000|100%| E|CS|TAMS 0x000000008b500000| PB 0x000000008b500000| Complete 

Card table byte_map: [0x000002bcfce70000,0x000002bcfd260000] _byte_map_base: 0x000002bcfca54000

Marking Bits: (CMBitMap*) 0x000002bcfc6cb900
 Bits: [0x000002bcfd260000, 0x000002bcff180000)

Polling page: 0x000002bcfa640000

Metaspace:

Usage:
  Non-class:     17.28 MB used.
      Class:      2.90 MB used.
       Both:     20.18 MB used.

Virtual space:
  Non-class space:       64.00 MB reserved,      17.50 MB ( 27%) committed,  1 nodes.
      Class space:        1.00 GB reserved,       3.06 MB ( <1%) committed,  1 nodes.
             Both:        1.06 GB reserved,      20.56 MB (  2%) committed. 

Chunk freelists:
   Non-Class:  14.47 MB
       Class:  12.81 MB
        Both:  27.28 MB

MaxMetaspaceSize: unlimited
CompressedClassSpaceSize: 1.00 GB
Initial GC threshold: 21.00 MB
Current GC threshold: 21.00 MB
CDS: on
 - commit_granule_bytes: 65536.
 - commit_granule_words: 8192.
 - virtual_space_node_default_size: 8388608.
 - enlarge_chunks_in_place: 1.
 - use_allocation_guard: 0.


Internal statistics:

num_allocs_failed_limit: 0.
num_arena_births: 364.
num_arena_deaths: 0.
num_vsnodes_births: 2.
num_vsnodes_deaths: 0.
num_space_committed: 329.
num_space_uncommitted: 0.
num_chunks_returned_to_freelist: 0.
num_chunks_taken_from_freelist: 983.
num_chunk_merges: 0.
num_chunk_splits: 699.
num_chunks_enlarged: 543.
num_inconsistent_stats: 0.

CodeHeap 'non-profiled nmethods': size=120000Kb used=1470Kb max_used=1470Kb free=118529Kb
 bounds [0x000002bc8fe60000, 0x000002bc900d0000, 0x000002bc97390000]
CodeHeap 'profiled nmethods': size=120000Kb used=5796Kb max_used=5796Kb free=114203Kb
 bounds [0x000002bc88390000, 0x000002bc88940000, 0x000002bc8f8c0000]
CodeHeap 'non-nmethods': size=5760Kb used=2086Kb max_used=2118Kb free=3673Kb
 bounds [0x000002bc8f8c0000, 0x000002bc8fb30000, 0x000002bc8fe60000]
 total_blobs=4050 nmethods=3206 adapters=748
 compilation: enabled
              stopped_count=0, restarted_count=0
 full_count=0

Compilation events (20 events):
Event: 12.552 Thread 0x000002bcffba0ac0 3203       3       javafx.css.StyleConverter::getInsetsConverter (4 bytes)
Event: 12.552 Thread 0x000002bcffba0ac0 nmethod 3203 0x000002bc88934790 code [0x000002bc88934940, 0x000002bc88934a90]
Event: 12.554 Thread 0x000002bcffba0ac0 3205       3       com.sun.prism.d3d.D3DTexture::getContext (17 bytes)
Event: 12.554 Thread 0x000002bcffba0ac0 nmethod 3205 0x000002bc88934b90 code [0x000002bc88934d80, 0x000002bc88935300]
Event: 12.555 Thread 0x000002bcffba0ac0 3206       3       com.sun.prism.d3d.D3DRTTexture::isMSAA (25 bytes)
Event: 12.555 Thread 0x000002bcffba0ac0 nmethod 3206 0x000002bc88935490 code [0x000002bc88935680, 0x000002bc88935bf0]
Event: 12.555 Thread 0x000002bcffba0ac0 3207       3       com.sun.prism.impl.ManagedResource::_isgone (42 bytes)
Event: 12.556 Thread 0x000002bcffba0ac0 nmethod 3207 0x000002bc88935d90 code [0x000002bc88935f80, 0x000002bc88936668]
Event: 12.583 Thread 0x000002bcffba0ac0 3208       3       com.sun.javafx.sg.prism.NGRegion::renderAsRectangle (31 bytes)
Event: 12.584 Thread 0x000002bcffba0ac0 nmethod 3208 0x000002bc88936810 code [0x000002bc88936a40, 0x000002bc88937190]
Event: 12.584 Thread 0x000002bcffba0ac0 3209       3       com.sun.prism.d3d.D3DShader::enable (44 bytes)
Event: 12.584 Thread 0x000002bcffba0ac0 nmethod 3209 0x000002bc88937410 code [0x000002bc889375e0, 0x000002bc88937920]
Event: 12.606 Thread 0x000002bcffba0ac0 3210       3       javafx.scene.Scene::getCamera (22 bytes)
Event: 12.606 Thread 0x000002bcffba0ac0 nmethod 3210 0x000002bc88937a90 code [0x000002bc88937c60, 0x000002bc889380f0]
Event: 12.613 Thread 0x000002bcffba0ac0 3211       3       java.util.EnumMap::get (29 bytes)
Event: 12.613 Thread 0x000002bcffba0ac0 nmethod 3211 0x000002bc88938210 code [0x000002bc889383e0, 0x000002bc889387b0]
Event: 12.613 Thread 0x000002bcffba0ac0 3212       3       java.util.EnumMap::isValidKey (36 bytes)
Event: 12.613 Thread 0x000002bcffba0ac0 nmethod 3212 0x000002bc88938910 code [0x000002bc88938ae0, 0x000002bc88938d68]
Event: 12.620 Thread 0x000002bcffba0ac0 3213       3       java.util.concurrent.CopyOnWriteArrayList::size (6 bytes)
Event: 12.620 Thread 0x000002bcffba0ac0 nmethod 3213 0x000002bc88938e90 code [0x000002bc88939020, 0x000002bc88939150]

GC Heap History (4 events):
Event: 0.719 GC heap before
{Heap before GC invocations=0 (full 0):
 garbage-first heap   total 129024K, used 22528K [0x0000000083800000, 0x0000000100000000)
  region size 1024K, 23 young (23552K), 0 survivors (0K)
 Metaspace       used 5111K, committed 5376K, reserved 1114112K
  class space    used 595K, committed 704K, reserved 1048576K
}
Event: 0.723 GC heap after
{Heap after GC invocations=1 (full 0):
 garbage-first heap   total 129024K, used 2687K [0x0000000083800000, 0x0000000100000000)
  region size 1024K, 3 young (3072K), 3 survivors (3072K)
 Metaspace       used 5111K, committed 5376K, reserved 1114112K
  class space    used 595K, committed 704K, reserved 1048576K
}
Event: 1.475 GC heap before
{Heap before GC invocations=1 (full 0):
 garbage-first heap   total 129024K, used 36479K [0x0000000083800000, 0x0000000100000000)
  region size 1024K, 37 young (37888K), 3 survivors (3072K)
 Metaspace       used 14319K, committed 14656K, reserved 1114112K
  class space    used 1897K, committed 2048K, reserved 1048576K
}
Event: 1.480 GC heap after
{Heap after GC invocations=2 (full 0):
 garbage-first heap   total 129024K, used 7796K [0x0000000083800000, 0x0000000100000000)
  region size 1024K, 5 young (5120K), 5 survivors (5120K)
 Metaspace       used 14319K, committed 14656K, reserved 1114112K
  class space    used 1897K, committed 2048K, reserved 1048576K
}

Dll operation events (20 events):
Event: 0.451 Loaded shared library C:\Users\Lenovo\.openjfx\cache\21-ea+null\amd64\api-ms-win-crt-multibyte-l1-1-0.dll
Event: 0.457 Loaded shared library C:\Users\Lenovo\.openjfx\cache\21-ea+null\amd64\api-ms-win-crt-private-l1-1-0.dll
Event: 0.463 Loaded shared library C:\Users\Lenovo\.openjfx\cache\21-ea+null\amd64\api-ms-win-crt-process-l1-1-0.dll
Event: 0.469 Loaded shared library C:\Users\Lenovo\.openjfx\cache\21-ea+null\amd64\api-ms-win-crt-runtime-l1-1-0.dll
Event: 0.473 Loaded shared library C:\Users\Lenovo\.openjfx\cache\21-ea+null\amd64\api-ms-win-crt-stdio-l1-1-0.dll
Event: 0.478 Loaded shared library C:\Users\Lenovo\.openjfx\cache\21-ea+null\amd64\api-ms-win-crt-string-l1-1-0.dll
Event: 0.483 Loaded shared library C:\Users\Lenovo\.openjfx\cache\21-ea+null\amd64\api-ms-win-crt-time-l1-1-0.dll
Event: 0.489 Loaded shared library C:\Users\Lenovo\.openjfx\cache\21-ea+null\amd64\api-ms-win-crt-utility-l1-1-0.dll
Event: 0.504 Loaded shared library C:\Users\Lenovo\.openjfx\cache\21-ea+null\amd64\ucrtbase.dll
Event: 0.509 Loaded shared library C:\Users\Lenovo\.openjfx\cache\21-ea+null\amd64\vcruntime140.dll
Event: 0.513 Loaded shared library C:\Users\Lenovo\.openjfx\cache\21-ea+null\amd64\vcruntime140_1.dll
Event: 0.523 Loaded shared library C:\Users\Lenovo\.openjfx\cache\21-ea+null\amd64\msvcp140.dll
Event: 0.527 Loaded shared library C:\Users\Lenovo\.openjfx\cache\21-ea+null\amd64\msvcp140_1.dll
Event: 0.532 Loaded shared library C:\Users\Lenovo\.openjfx\cache\21-ea+null\amd64\msvcp140_2.dll
Event: 0.566 Loaded shared library C:\Users\Lenovo\.openjfx\cache\21-ea+null\amd64\prism_d3d.dll
Event: 0.603 Loaded shared library C:\Users\Lenovo\.openjfx\cache\21-ea+null\amd64\glass.dll
Event: 0.718 Loaded shared library C:\Program Files\Java\jdk-21\bin\jimage.dll
Event: 0.848 Loaded shared library C:\Users\Lenovo\.openjfx\cache\21-ea+null\amd64\javafx_font.dll
Event: 1.099 Loaded shared library C:\Program Files\Java\jdk-21\bin\management.dll
Event: 1.106 Loaded shared library C:\Program Files\Java\jdk-21\bin\management_ext.dll

Deoptimization events (20 events):
Event: 12.383 Thread 0x000002bcdfb5ce80 Uncommon trap: trap_request=0xffffff45 fr.pc=0x000002bc8feaa5b4 relative=0x0000000000000114
Event: 12.383 Thread 0x000002bcdfb5ce80 Uncommon trap: reason=unstable_if action=reinterpret pc=0x000002bc8feaa5b4 method=java.lang.String.getBytes([BIB)V @ 5 c2
Event: 12.383 Thread 0x000002bcdfb5ce80 DEOPT PACKING pc=0x000002bc8feaa5b4 sp=0x000000e4d4dfbf80
Event: 12.383 Thread 0x000002bcdfb5ce80 DEOPT UNPACKING pc=0x000002bc8f917da2 sp=0x000000e4d4dfbf48 mode 2
Event: 12.391 Thread 0x000002bcdfb5ce80 Uncommon trap: trap_request=0xffffff45 fr.pc=0x000002bc8fea8100 relative=0x0000000000000520
Event: 12.391 Thread 0x000002bcdfb5ce80 Uncommon trap: reason=unstable_if action=reinterpret pc=0x000002bc8fea8100 method=java.lang.StringLatin1.canEncode(I)Z @ 4 c2
Event: 12.391 Thread 0x000002bcdfb5ce80 DEOPT PACKING pc=0x000002bc8fea8100 sp=0x000000e4d4dfbe40
Event: 12.391 Thread 0x000002bcdfb5ce80 DEOPT UNPACKING pc=0x000002bc8f917da2 sp=0x000000e4d4dfbd78 mode 2
Event: 12.391 Thread 0x000002bcdfb5ce80 Uncommon trap: trap_request=0xffffff45 fr.pc=0x000002bc8fed2fe0 relative=0x0000000000000500
Event: 12.391 Thread 0x000002bcdfb5ce80 Uncommon trap: reason=unstable_if action=reinterpret pc=0x000002bc8fed2fe0 method=java.lang.AbstractStringBuilder.isLatin1()Z @ 10 c2
Event: 12.391 Thread 0x000002bcdfb5ce80 DEOPT PACKING pc=0x000002bc8fed2fe0 sp=0x000000e4d4dfbdf0
Event: 12.391 Thread 0x000002bcdfb5ce80 DEOPT UNPACKING pc=0x000002bc8f917da2 sp=0x000000e4d4dfbd80 mode 2
Event: 12.391 Thread 0x000002bcdfb5ce80 Uncommon trap: trap_request=0xffffff45 fr.pc=0x000002bc8fefcc4c relative=0x000000000000056c
Event: 12.391 Thread 0x000002bcdfb5ce80 Uncommon trap: reason=unstable_if action=reinterpret pc=0x000002bc8fefcc4c method=java.lang.AbstractStringBuilder.isLatin1()Z @ 10 c2
Event: 12.391 Thread 0x000002bcdfb5ce80 DEOPT PACKING pc=0x000002bc8fefcc4c sp=0x000000e4d4dfbda0
Event: 12.391 Thread 0x000002bcdfb5ce80 DEOPT UNPACKING pc=0x000002bc8f917da2 sp=0x000000e4d4dfbc38 mode 2
Event: 12.391 Thread 0x000002bcdfb5ce80 Uncommon trap: trap_request=0xffffff45 fr.pc=0x000002bc8ff06b5c relative=0x000000000000051c
Event: 12.391 Thread 0x000002bcdfb5ce80 Uncommon trap: reason=unstable_if action=reinterpret pc=0x000002bc8ff06b5c method=java.lang.AbstractStringBuilder.isLatin1()Z @ 10 c2
Event: 12.391 Thread 0x000002bcdfb5ce80 DEOPT PACKING pc=0x000002bc8ff06b5c sp=0x000000e4d4dfbd80
Event: 12.391 Thread 0x000002bcdfb5ce80 DEOPT UNPACKING pc=0x000002bc8f917da2 sp=0x000000e4d4dfbce8 mode 2

Classes loaded (20 events):
Event: 12.385 Loading class java/util/ImmutableCollections$Access
Event: 12.385 Loading class java/util/ImmutableCollections$Access done
Event: 12.385 Loading class java/util/ImmutableCollections$Access$1
Event: 12.385 Loading class jdk/internal/access/JavaUtilCollectionAccess
Event: 12.385 Loading class jdk/internal/access/JavaUtilCollectionAccess done
Event: 12.385 Loading class java/util/ImmutableCollections$Access$1 done
Event: 12.386 Loading class java/util/stream/Nodes$SpinedNodeBuilder
Event: 12.386 Loading class java/util/stream/SpinedBuffer
Event: 12.386 Loading class java/util/stream/AbstractSpinedBuffer
Event: 12.386 Loading class java/util/stream/AbstractSpinedBuffer done
Event: 12.386 Loading class java/util/stream/SpinedBuffer done
Event: 12.386 Loading class java/util/stream/Nodes$SpinedNodeBuilder done
Event: 12.387 Loading class java/util/ResourceBundle$Control$2
Event: 12.387 Loading class java/util/ResourceBundle$Control$2 done
Event: 12.389 Loading class java/util/ResourceBundle$Control$1
Event: 12.390 Loading class java/util/ResourceBundle$Control$1 done
Event: 12.391 Loading class java/text/MessageFormat
Event: 12.391 Loading class java/text/MessageFormat done
Event: 12.391 Loading class java/text/MessageFormat$Field
Event: 12.391 Loading class java/text/MessageFormat$Field done

Classes unloaded (0 events):
No events

Classes redefined (0 events):
No events

Internal exceptions (20 events):
Event: 1.394 Thread 0x000002bcdfb5ce80 Implicit null exception at 0x000002bc8ff0be0b to 0x000002bc8ff0c66c
Event: 1.439 Thread 0x000002bcdfb5ce80 Implicit null exception at 0x000002bc8feae9e6 to 0x000002bc8feaea8a
Event: 1.452 Thread 0x000002bcdfb5ce80 Implicit null exception at 0x000002bc8fecab3a to 0x000002bc8fecad7c
Event: 1.452 Thread 0x000002bcdfb5ce80 Implicit null exception at 0x000002bc8fec85ba to 0x000002bc8fec87fc
Event: 1.452 Thread 0x000002bcdfb5ce80 Implicit null exception at 0x000002bc8fe7f53d to 0x000002bc8fe7f5c1
Event: 1.603 Thread 0x000002bcdfb5ce80 Exception <a 'java/lang/IncompatibleClassChangeError'{0x000000008afc3a00}: Found class java.lang.Object, but interface was expected> (0x000000008afc3a00) 
thrown [s\open\src\hotspot\share\interpreter\linkResolver.cpp, line 840]
Event: 1.643 Thread 0x000002bcdfb5ce80 Exception <a 'java/lang/ClassNotFoundException'{0x000000008ac67b48}: com/sun/javafx/scene/control/skin/resources/controls> (0x000000008ac67b48) 
thrown [s\open\src\hotspot\share\prims\jni.cpp, line 539]
Event: 1.643 Thread 0x000002bcdfb5ce80 Exception <a 'java/lang/ClassNotFoundException'{0x000000008ac75d48}: com/sun/javafx/scene/control/skin/resources/controls_ru> (0x000000008ac75d48) 
thrown [s\open\src\hotspot\share\prims\jni.cpp, line 539]
Event: 1.643 Thread 0x000002bcdfb5ce80 Exception <a 'java/lang/ClassNotFoundException'{0x000000008ac76cf0}: com/sun/javafx/scene/control/skin/resources/controls_ru_RU> (0x000000008ac76cf0) 
thrown [s\open\src\hotspot\share\prims\jni.cpp, line 539]
Event: 1.671 Thread 0x000002bcdfb5ce80 Exception <a 'java/lang/NoSuchMethodError'{0x000000008aa568b8}: 'void java.lang.invoke.DirectMethodHandle$Holder.invokeSpecial(java.lang.Object, java.lang.Object, java.lang.Object, java.lang.Object, java.lang.Object, java.lang.Object)'> (0x000000008aa568b8) 
thrown [s\open\src\hotspot\share\interpreter\linkResolver.cpp, line 773]
Event: 1.857 Thread 0x000002bcdfb5ce80 Exception <a 'java/lang/NoSuchMethodError'{0x000000008a1f3020}: 'int java.lang.invoke.DirectMethodHandle$Holder.invokeSpecial(java.lang.Object, java.lang.Object, int)'> (0x000000008a1f3020) 
thrown [s\open\src\hotspot\share\interpreter\linkResolver.cpp, line 773]
Event: 1.881 Thread 0x000002bcdfb5ce80 Exception <a 'java/lang/NoSuchMethodError'{0x000000008a0d77b0}: 'java.lang.Object java.lang.invoke.DirectMethodHandle$Holder.newInvokeSpecial(java.lang.Object, java.lang.Object, int)'> (0x000000008a0d77b0) 
thrown [s\open\src\hotspot\share\interpreter\linkResolver.cpp, line 773]
Event: 1.946 Thread 0x000002bcdfb5ce80 Exception <a 'java/lang/NoSuchMethodError'{0x0000000089ed5aa0}: 'long java.lang.invoke.DirectMethodHandle$Holder.invokeStatic(java.lang.Object, java.lang.Object, java.lang.Object)'> (0x0000000089ed5aa0) 
thrown [s\open\src\hotspot\share\interpreter\linkResolver.cpp, line 773]
Event: 1.947 Thread 0x000002bcdfb5ce80 Exception <a 'java/lang/NoSuchMethodError'{0x0000000089ed8e70}: 'long java.lang.invoke.DirectMethodHandle$Holder.invokeStaticInit(java.lang.Object, java.lang.Object, java.lang.Object)'> (0x0000000089ed8e70) 
thrown [s\open\src\hotspot\share\interpreter\linkResolver.cpp, line 773]
Event: 1.949 Thread 0x000002bcdfb5ce80 Exception <a 'java/lang/NoSuchMethodError'{0x0000000089eed370}: 'java.lang.Object java.lang.invoke.DirectMethodHandle$Holder.newInvokeSpecial(java.lang.Object, java.lang.Object, long)'> (0x0000000089eed370) 
thrown [s\open\src\hotspot\share\interpreter\linkResolver.cpp, line 773]
Event: 1.950 Thread 0x000002bcdfb5ce80 Exception <a 'java/lang/NoSuchMethodError'{0x0000000089ef0c68}: 'java.lang.Object java.lang.invoke.Invokers$Holder.linkToTargetMethod(java.lang.Object, long, java.lang.Object)'> (0x0000000089ef0c68) 
thrown [s\open\src\hotspot\share\interpreter\linkResolver.cpp, line 773]
Event: 12.055 Thread 0x000002bcdfb5ce80 Implicit null exception at 0x000002bc8ffc31c6 to 0x000002bc8ffc4004
Event: 12.387 Thread 0x000002bcdfb5ce80 Exception <a 'sun/nio/fs/WindowsException'{0x0000000089719c10}> (0x0000000089719c10) 
thrown [s\open\src\hotspot\share\prims\jni.cpp, line 520]
Event: 12.388 Thread 0x000002bcdfb5ce80 Exception <a 'sun/nio/fs/WindowsException'{0x000000008971bb68}> (0x000000008971bb68) 
thrown [s\open\src\hotspot\share\prims\jni.cpp, line 520]
Event: 12.391 Thread 0x000002bcdfb5ce80 Exception <a 'sun/nio/fs/WindowsException'{0x00000000897387d8}> (0x00000000897387d8) 
thrown [s\open\src\hotspot\share\prims\jni.cpp, line 520]

ZGC Phase Switch (0 events):
No events

VM Operations (20 events):
Event: 1.826 Executing VM operation: ICBufferFull
Event: 1.826 Executing VM operation: ICBufferFull done
Event: 2.826 Executing VM operation: Cleanup
Event: 2.827 Executing VM operation: Cleanup done
Event: 4.827 Executing VM operation: Cleanup
Event: 4.827 Executing VM operation: Cleanup done
Event: 5.827 Executing VM operation: Cleanup
Event: 5.827 Executing VM operation: Cleanup done
Event: 6.828 Executing VM operation: Cleanup
Event: 6.828 Executing VM operation: Cleanup done
Event: 7.828 Executing VM operation: Cleanup
Event: 7.828 Executing VM operation: Cleanup done
Event: 8.828 Executing VM operation: Cleanup
Event: 8.828 Executing VM operation: Cleanup done
Event: 9.828 Executing VM operation: Cleanup
Event: 9.828 Executing VM operation: Cleanup done
Event: 10.828 Executing VM operation: Cleanup
Event: 10.828 Executing VM operation: Cleanup done
Event: 11.828 Executing VM operation: Cleanup
Event: 11.828 Executing VM operation: Cleanup done

Events (20 events):
Event: 0.041 Thread 0x000002bcffba0ac0 Thread added: 0x000002bcffba0ac0
Event: 0.064 Thread 0x000002bc99531450 Thread added: 0x000002bc99531450
Event: 0.100 Thread 0x000002bc99609d20 Thread added: 0x000002bc99609d20
Event: 0.106 Thread 0x000002bc996e4d90 Thread added: 0x000002bc996e4d90
Event: 0.188 Thread 0x000002bcdf1b3010 Thread added: 0x000002bcdf1b3010
Event: 0.188 Thread 0x000002bcdf1b3680 Thread added: 0x000002bcdf1b3680
Event: 0.453 Thread 0x000002bc996e4d90 Thread exited: 0x000002bc996e4d90
Event: 0.554 Thread 0x000002bcdf78fc10 Thread added: 0x000002bcdf78fc10
Event: 0.605 Thread 0x000002bcdfa60e50 Thread added: 0x000002bcdfa60e50
Event: 0.608 Thread 0x000002bcdfb5ce80 Thread added: 0x000002bcdfb5ce80
Event: 0.646 Thread 0x000002bc99609d20 Thread exited: 0x000002bc99609d20
Event: 0.694 Thread 0x000002bce0022540 Thread added: 0x000002bce0022540
Event: 0.697 Thread 0x000002bcdfb9f6f0 Thread added: 0x000002bcdfb9f6f0
Event: 0.869 Thread 0x000002bcdfcbf3f0 Thread added: 0x000002bcdfcbf3f0
Event: 0.873 Thread 0x000002bcdfcbfaa0 Thread added: 0x000002bcdfcbfaa0
Event: 1.332 Thread 0x000002bce064fa00 Thread added: 0x000002bce064fa00
Event: 1.598 Thread 0x000002bce0650090 Thread added: 0x000002bce0650090
Event: 1.986 Thread 0x000002bce064ece0 Thread added: 0x000002bce064ece0
Event: 2.166 Thread 0x000002bcdfcbfaa0 Thread exited: 0x000002bcdfcbfaa0
Event: 2.166 Thread 0x000002bcdfcbf3f0 Thread exited: 0x000002bcdfcbf3f0


Dynamic libraries:
0x00007ff739fd0000 - 0x00007ff739fe0000 	C:\Program Files\Java\jdk-21\bin\java.exe
0x00007ffbbaa10000 - 0x00007ffbbac08000 	C:\Windows\SYSTEM32\ntdll.dll
0x00007ffbb9150000 - 0x00007ffbb920d000 	C:\Windows\System32\KERNEL32.DLL
0x00007ffbb8570000 - 0x00007ffbb8866000 	C:\Windows\System32\KERNELBASE.dll
0x00007ffbb83f0000 - 0x00007ffbb84f0000 	C:\Windows\System32\ucrtbase.dll
0x00007ffb97480000 - 0x00007ffb9749b000 	C:\Program Files\Java\jdk-21\bin\VCRUNTIME140.dll
0x00007ffb95560000 - 0x00007ffb95579000 	C:\Program Files\Java\jdk-21\bin\jli.dll
0x00007ffbba5a0000 - 0x00007ffbba64f000 	C:\Windows\System32\ADVAPI32.dll
0x00007ffbba840000 - 0x00007ffbba8de000 	C:\Windows\System32\msvcrt.dll
0x00007ffbb99d0000 - 0x00007ffbb9a6c000 	C:\Windows\System32\sechost.dll
0x00007ffbb9f60000 - 0x00007ffbba086000 	C:\Windows\System32\RPCRT4.dll
0x00007ffbba400000 - 0x00007ffbba59e000 	C:\Windows\System32\USER32.dll
0x00007ffbb8540000 - 0x00007ffbb8562000 	C:\Windows\System32\win32u.dll
0x00007ffbb8b20000 - 0x00007ffbb8b4c000 	C:\Windows\System32\GDI32.dll
0x00007ffbb8230000 - 0x00007ffbb834a000 	C:\Windows\System32\gdi32full.dll
0x00007ffbb8870000 - 0x00007ffbb890d000 	C:\Windows\System32\msvcp_win.dll
0x00007ffbadcd0000 - 0x00007ffbadcda000 	C:\Windows\SYSTEM32\VERSION.dll
0x00007ffba0be0000 - 0x00007ffba0e7a000 	C:\Windows\WinSxS\amd64_microsoft.windows.common-controls_6595b64144ccf1df_6.0.19041.3636_none_60b6a03d71f818d5\COMCTL32.dll
0x00007ffbb9050000 - 0x00007ffbb9080000 	C:\Windows\System32\IMM32.DLL
0x00007ffb9d1c0000 - 0x00007ffb9d1cc000 	C:\Program Files\Java\jdk-21\bin\vcruntime140_1.dll
0x00007ffb7c400000 - 0x00007ffb7c48e000 	C:\Program Files\Java\jdk-21\bin\msvcp140.dll
0x00007ffb69580000 - 0x00007ffb6a293000 	C:\Program Files\Java\jdk-21\bin\server\jvm.dll
0x00007ffbba390000 - 0x00007ffbba3fb000 	C:\Windows\System32\WS2_32.dll
0x00007ffbb7ea0000 - 0x00007ffbb7eeb000 	C:\Windows\SYSTEM32\POWRPROF.dll
0x00007ffba1170000 - 0x00007ffba1197000 	C:\Windows\SYSTEM32\WINMM.dll
0x00007ffbb7e80000 - 0x00007ffbb7e92000 	C:\Windows\SYSTEM32\UMPDC.dll
0x00007ffbb6940000 - 0x00007ffbb6952000 	C:\Windows\SYSTEM32\kernel.appcore.dll
0x00007ffb98fd0000 - 0x00007ffb98fda000 	C:\Program Files\Java\jdk-21\bin\jimage.dll
0x00007ffbb2280000 - 0x00007ffbb2464000 	C:\Windows\SYSTEM32\DBGHELP.DLL
0x00007ffb961f0000 - 0x00007ffb96224000 	C:\Windows\SYSTEM32\dbgcore.DLL
0x00007ffbb80f0000 - 0x00007ffbb8172000 	C:\Windows\System32\bcryptPrimitives.dll
0x00007ffbadbd0000 - 0x00007ffbadbdf000 	C:\Program Files\Java\jdk-21\bin\instrument.dll
0x00007ffb953d0000 - 0x00007ffb953ef000 	C:\Program Files\Java\jdk-21\bin\java.dll
0x00007ffbb9280000 - 0x00007ffbb99c4000 	C:\Windows\System32\SHELL32.dll
0x00007ffbb6160000 - 0x00007ffbb68fb000 	C:\Windows\SYSTEM32\windows.storage.dll
0x00007ffbb8b50000 - 0x00007ffbb8ea4000 	C:\Windows\System32\combase.dll
0x00007ffbb7ac0000 - 0x00007ffbb7aed000 	C:\Windows\SYSTEM32\Wldp.dll
0x00007ffbb9080000 - 0x00007ffbb912d000 	C:\Windows\System32\SHCORE.dll
0x00007ffbba170000 - 0x00007ffbba1c5000 	C:\Windows\System32\shlwapi.dll
0x00007ffbb8020000 - 0x00007ffbb8045000 	C:\Windows\SYSTEM32\profapi.dll
0x00007ffb7c320000 - 0x00007ffb7c3f7000 	C:\Program Files\Java\jdk-21\bin\jsvml.dll
0x00007ffb97770000 - 0x00007ffb97780000 	C:\Program Files\Java\jdk-21\bin\net.dll
0x00007ffbafc40000 - 0x00007ffbafd4a000 	C:\Windows\SYSTEM32\WINHTTP.dll
0x00007ffbb7820000 - 0x00007ffbb788a000 	C:\Windows\system32\mswsock.dll
0x00007ffb92c60000 - 0x00007ffb92c76000 	C:\Program Files\Java\jdk-21\bin\nio.dll
0x00007ffb927f0000 - 0x00007ffb92808000 	C:\Program Files\Java\jdk-21\bin\zip.dll
0x00007ffb9da60000 - 0x00007ffb9da7a000 	C:\Program Files\JetBrains\IntelliJ IDEA Community Edition 2023.2.4\bin\breakgen64.dll
0x000002bc998c0000 - 0x000002bc998c3000 	C:\Users\Lenovo\.openjfx\cache\21-ea+null\amd64\api-ms-win-core-console-l1-1-0.dll
0x000002bc998d0000 - 0x000002bc998d3000 	C:\Users\Lenovo\.openjfx\cache\21-ea+null\amd64\api-ms-win-core-console-l1-2-0.dll
0x000002bc998e0000 - 0x000002bc998e3000 	C:\Users\Lenovo\.openjfx\cache\21-ea+null\amd64\api-ms-win-core-datetime-l1-1-0.dll
0x000002bc99c70000 - 0x000002bc99c73000 	C:\Users\Lenovo\.openjfx\cache\21-ea+null\amd64\api-ms-win-core-debug-l1-1-0.dll
0x000002bc998f0000 - 0x000002bc998f3000 	C:\Users\Lenovo\.openjfx\cache\21-ea+null\amd64\api-ms-win-core-errorhandling-l1-1-0.dll
0x000002bc99900000 - 0x000002bc99904000 	C:\Users\Lenovo\.openjfx\cache\21-ea+null\amd64\api-ms-win-core-file-l1-1-0.dll
0x000002bc99910000 - 0x000002bc99913000 	C:\Users\Lenovo\.openjfx\cache\21-ea+null\amd64\api-ms-win-core-file-l1-2-0.dll
0x000002bc99920000 - 0x000002bc99923000 	C:\Users\Lenovo\.openjfx\cache\21-ea+null\amd64\api-ms-win-core-file-l2-1-0.dll
0x000002bc99930000 - 0x000002bc99933000 	C:\Users\Lenovo\.openjfx\cache\21-ea+null\amd64\api-ms-win-core-handle-l1-1-0.dll
0x000002bc99940000 - 0x000002bc99943000 	C:\Users\Lenovo\.openjfx\cache\21-ea+null\amd64\api-ms-win-core-heap-l1-1-0.dll
0x000002bc99950000 - 0x000002bc99953000 	C:\Users\Lenovo\.openjfx\cache\21-ea+null\amd64\api-ms-win-core-interlocked-l1-1-0.dll
0x000002bc99960000 - 0x000002bc99963000 	C:\Users\Lenovo\.openjfx\cache\21-ea+null\amd64\api-ms-win-core-libraryloader-l1-1-0.dll
0x000002bc99bd0000 - 0x000002bc99bd3000 	C:\Users\Lenovo\.openjfx\cache\21-ea+null\amd64\api-ms-win-core-localization-l1-2-0.dll
0x000002bc99be0000 - 0x000002bc99be3000 	C:\Users\Lenovo\.openjfx\cache\21-ea+null\amd64\api-ms-win-core-memory-l1-1-0.dll
0x000002bc99bf0000 - 0x000002bc99bf3000 	C:\Users\Lenovo\.openjfx\cache\21-ea+null\amd64\api-ms-win-core-namedpipe-l1-1-0.dll
0x000002bc99aa0000 - 0x000002bc99aa3000 	C:\Users\Lenovo\.openjfx\cache\21-ea+null\amd64\api-ms-win-core-processenvironment-l1-1-0.dll
0x000002bc99ab0000 - 0x000002bc99ab3000 	C:\Users\Lenovo\.openjfx\cache\21-ea+null\amd64\api-ms-win-core-processthreads-l1-1-0.dll
0x000002bc99ac0000 - 0x000002bc99ac3000 	C:\Users\Lenovo\.openjfx\cache\21-ea+null\amd64\api-ms-win-core-processthreads-l1-1-1.dll
0x000002bc99ad0000 - 0x000002bc99ad3000 	C:\Users\Lenovo\.openjfx\cache\21-ea+null\amd64\api-ms-win-core-profile-l1-1-0.dll
0x000002bc99ae0000 - 0x000002bc99ae3000 	C:\Users\Lenovo\.openjfx\cache\21-ea+null\amd64\api-ms-win-core-rtlsupport-l1-1-0.dll
0x000002bc99af0000 - 0x000002bc99af3000 	C:\Users\Lenovo\.openjfx\cache\21-ea+null\amd64\api-ms-win-core-string-l1-1-0.dll
0x000002bc99b00000 - 0x000002bc99b03000 	C:\Users\Lenovo\.openjfx\cache\21-ea+null\amd64\api-ms-win-core-synch-l1-1-0.dll
0x000002bc99970000 - 0x000002bc99973000 	C:\Users\Lenovo\.openjfx\cache\21-ea+null\amd64\api-ms-win-core-synch-l1-2-0.dll
0x000002bc99980000 - 0x000002bc99983000 	C:\Users\Lenovo\.openjfx\cache\21-ea+null\amd64\api-ms-win-core-sysinfo-l1-1-0.dll
0x000002bc99990000 - 0x000002bc99993000 	C:\Users\Lenovo\.openjfx\cache\21-ea+null\amd64\api-ms-win-core-timezone-l1-1-0.dll
0x000002bc999a0000 - 0x000002bc999a3000 	C:\Users\Lenovo\.openjfx\cache\21-ea+null\amd64\api-ms-win-core-util-l1-1-0.dll
0x000002bc999b0000 - 0x000002bc999b3000 	C:\Users\Lenovo\.openjfx\cache\21-ea+null\amd64\api-ms-win-crt-conio-l1-1-0.dll
0x000002bc999c0000 - 0x000002bc999c4000 	C:\Users\Lenovo\.openjfx\cache\21-ea+null\amd64\api-ms-win-crt-convert-l1-1-0.dll
0x000002bc999d0000 - 0x000002bc999d3000 	C:\Users\Lenovo\.openjfx\cache\21-ea+null\amd64\api-ms-win-crt-environment-l1-1-0.dll
0x000002bc999e0000 - 0x000002bc999e3000 	C:\Users\Lenovo\.openjfx\cache\21-ea+null\amd64\api-ms-win-crt-filesystem-l1-1-0.dll
0x000002bc999f0000 - 0x000002bc999f3000 	C:\Users\Lenovo\.openjfx\cache\21-ea+null\amd64\api-ms-win-crt-heap-l1-1-0.dll
0x000002bc99a00000 - 0x000002bc99a03000 	C:\Users\Lenovo\.openjfx\cache\21-ea+null\amd64\api-ms-win-crt-locale-l1-1-0.dll
0x000002bc99a10000 - 0x000002bc99a15000 	C:\Users\Lenovo\.openjfx\cache\21-ea+null\amd64\api-ms-win-crt-math-l1-1-0.dll
0x000002bc99a20000 - 0x000002bc99a25000 	C:\Users\Lenovo\.openjfx\cache\21-ea+null\amd64\api-ms-win-crt-multibyte-l1-1-0.dll
0x000002bc99a30000 - 0x000002bc99a40000 	C:\Users\Lenovo\.openjfx\cache\21-ea+null\amd64\api-ms-win-crt-private-l1-1-0.dll
0x000002bc99a40000 - 0x000002bc99a43000 	C:\Users\Lenovo\.openjfx\cache\21-ea+null\amd64\api-ms-win-crt-process-l1-1-0.dll
0x000002bc99a50000 - 0x000002bc99a54000 	C:\Users\Lenovo\.openjfx\cache\21-ea+null\amd64\api-ms-win-crt-runtime-l1-1-0.dll
0x000002bc99a60000 - 0x000002bc99a64000 	C:\Users\Lenovo\.openjfx\cache\21-ea+null\amd64\api-ms-win-crt-stdio-l1-1-0.dll
0x000002bc99a70000 - 0x000002bc99a74000 	C:\Users\Lenovo\.openjfx\cache\21-ea+null\amd64\api-ms-win-crt-string-l1-1-0.dll
0x000002bc99a80000 - 0x000002bc99a83000 	C:\Users\Lenovo\.openjfx\cache\21-ea+null\amd64\api-ms-win-crt-time-l1-1-0.dll
0x000002bc99a90000 - 0x000002bc99a93000 	C:\Users\Lenovo\.openjfx\cache\21-ea+null\amd64\api-ms-win-crt-utility-l1-1-0.dll
0x00007ffb7a7e0000 - 0x00007ffb7a8dc000 	C:\Users\Lenovo\.openjfx\cache\21-ea+null\amd64\ucrtbase.dll
0x00007ffb9d990000 - 0x00007ffb9d9ab000 	C:\Users\Lenovo\.openjfx\cache\21-ea+null\amd64\vcruntime140.dll
0x00007ffb9da50000 - 0x00007ffb9da5c000 	C:\Users\Lenovo\.openjfx\cache\21-ea+null\amd64\vcruntime140_1.dll
0x00007ffb79ea0000 - 0x00007ffb79f2e000 	C:\Users\Lenovo\.openjfx\cache\21-ea+null\amd64\msvcp140.dll
0x00007ffbb8f20000 - 0x00007ffbb904b000 	C:\Windows\System32\ole32.dll
0x00007ffb9d980000 - 0x00007ffb9d989000 	C:\Users\Lenovo\.openjfx\cache\21-ea+null\amd64\msvcp140_1.dll
0x00007ffb9d900000 - 0x00007ffb9d92f000 	C:\Users\Lenovo\.openjfx\cache\21-ea+null\amd64\msvcp140_2.dll
0x00007ffb97590000 - 0x00007ffb975bf000 	C:\Users\Lenovo\.openjfx\cache\21-ea+null\amd64\prism_d3d.dll
0x00007ffb64110000 - 0x00007ffb642dd000 	C:\Windows\system32\d3d9.dll
0x00007ffbb5860000 - 0x00007ffbb588f000 	C:\Windows\SYSTEM32\dwmapi.dll
0x00007ffbb5760000 - 0x00007ffbb57fe000 	C:\Windows\system32\uxtheme.dll
0x00007ffb7a2b0000 - 0x00007ffb7a415000 	C:\Windows\System32\DriverStore\FileRepository\iigd_dch.inf_amd64_f0e062e8bfff4ed5\igdumdim64.dll
0x00007ffb51c60000 - 0x00007ffb55885000 	C:\Windows\System32\DriverStore\FileRepository\iigd_dch.inf_amd64_f0e062e8bfff4ed5\igd9dxva64.dll
0x00007ffbba770000 - 0x00007ffbba83d000 	C:\Windows\System32\OLEAUT32.dll
0x00007ffbb9af0000 - 0x00007ffbb9f5e000 	C:\Windows\System32\SETUPAPI.dll
0x00007ffbb84f0000 - 0x00007ffbb853e000 	C:\Windows\System32\cfgmgr32.dll
0x00007ffbb83c0000 - 0x00007ffbb83e7000 	C:\Windows\System32\bcrypt.dll
0x00007ffbab760000 - 0x00007ffbabb1d000 	C:\Windows\System32\DriverStore\FileRepository\iigd_dch.inf_amd64_f0e062e8bfff4ed5\igdgmm64.dll
0x00007ffb95d20000 - 0x00007ffb95d62000 	C:\Users\Lenovo\.openjfx\cache\21-ea+null\amd64\glass.dll
0x00007ffbba090000 - 0x00007ffbba16a000 	C:\Windows\System32\COMDLG32.dll
0x00007ffbba650000 - 0x00007ffbba764000 	C:\Windows\System32\MSCTF.dll
0x00007ffb8c6d0000 - 0x00007ffb8c6f7000 	C:\Windows\System32\DriverStore\FileRepository\iigd_dch.inf_amd64_f0e062e8bfff4ed5\igdinfo64.dll
0x00007ffbb7a10000 - 0x00007ffbb7a28000 	C:\Windows\SYSTEM32\CRYPTSP.dll
0x00007ffbb70f0000 - 0x00007ffbb7124000 	C:\Windows\system32\rsaenh.dll
0x00007ffbb7a30000 - 0x00007ffbb7a3c000 	C:\Windows\SYSTEM32\CRYPTBASE.dll
0x00007ffba4e00000 - 0x00007ffba8038000 	C:\Windows\System32\DriverStore\FileRepository\iigd_dch.inf_amd64_f0e062e8bfff4ed5\igc64.dll
0x00007ffbaee00000 - 0x00007ffbaee3b000 	C:\Windows\SYSTEM32\dxcore.dll
0x00007ffb97230000 - 0x00007ffb97244000 	C:\Users\Lenovo\.openjfx\cache\21-ea+null\amd64\javafx_font.dll
0x00007ffb8d630000 - 0x00007ffb8d8af000 	C:\Windows\SYSTEM32\dwrite.dll
0x00007ffbb7550000 - 0x00007ffbb761a000 	C:\Windows\SYSTEM32\DNSAPI.dll
0x00007ffbb7510000 - 0x00007ffbb754b000 	C:\Windows\SYSTEM32\IPHLPAPI.DLL
0x00007ffbba380000 - 0x00007ffbba388000 	C:\Windows\System32\NSI.dll
0x000000006b940000 - 0x000000006b966000 	C:\Program Files\Bonjour\mdnsNSP.dll
0x00007ffbabcb0000 - 0x00007ffbabcba000 	C:\Windows\System32\rasadhlp.dll
0x00007ffbab420000 - 0x00007ffbab4a0000 	C:\Windows\System32\fwpuclnt.dll
0x00007ffb9eed0000 - 0x00007ffb9eeda000 	C:\Program Files\Java\jdk-21\bin\management.dll
0x00007ffb9dbf0000 - 0x00007ffb9dbfb000 	C:\Program Files\Java\jdk-21\bin\management_ext.dll
0x00007ffbb8f10000 - 0x00007ffbb8f18000 	C:\Windows\System32\PSAPI.DLL
0x00007ffbb7fa0000 - 0x00007ffbb7fce000 	C:\Windows\SYSTEM32\USERENV.dll
0x00007ffbb8a70000 - 0x00007ffbb8b19000 	C:\Windows\System32\clbcatq.dll

dbghelp: loaded successfully - version: 4.0.5 - missing functions: none
symbol engine: initialized successfully - sym options: 0x614 - pdb path: .;C:\Program Files\Java\jdk-21\bin;C:\Windows\SYSTEM32;C:\Windows\WinSxS\amd64_microsoft.windows.common-controls_6595b64144ccf1df_6.0.19041.3636_none_60b6a03d71f818d5;C:\Program Files\Java\jdk-21\bin\server;C:\Program Files\JetBrains\IntelliJ IDEA Community Edition 2023.2.4\bin;C:\Users\Lenovo\.openjfx\cache\21-ea+null\amd64;C:\Windows\System32\DriverStore\FileRepository\iigd_dch.inf_amd64_f0e062e8bfff4ed5;C:\Program Files\Bonjour;C:\Program Files\Common Files\Microsoft Shared\Ink

VM Arguments:
jvm_args: -javaagent:C:\Program Files\JetBrains\IntelliJ IDEA Community Edition 2023.2.4\lib\idea_rt.jar=52510:C:\Program Files\JetBrains\IntelliJ IDEA Community Edition 2023.2.4\bin -Dfile.encoding=UTF-8 -Dsun.stdout.encoding=UTF-8 -Dsun.stderr.encoding=UTF-8 --module-path=C:\Users\Lenovo\.m2\repository\org\openjfx\javafx-graphics\21-ea+24\javafx-graphics-21-ea+24-win.jar;C:\Users\Lenovo\.m2\repository\org\openjfx\javafx-base\21-ea+24\javafx-base-21-ea+24-win.jar;C:\Users\Lenovo\.m2\repository\org\openjfx\javafx-controls\21-ea+24\javafx-controls-21-ea+24-win.jar;C:\Users\Lenovo\.m2\repository\org\openjfx\javafx-fxml\21-ea+24\javafx-fxml-21-ea+24-win.jar;C:\Users\Lenovo\IdeaProjects\demo18\target\classes -Djdk.module.main=com.example.demo18 
java_command: com.example.demo18/com.example.demo18.HelloApplication
java_class_path (initial): C:\Users\Lenovo\.m2\repository\org\openjfx\javafx-controls\21-ea+24\javafx-controls-21-ea+24.jar;C:\Users\Lenovo\.m2\repository\org\openjfx\javafx-graphics\21-ea+24\javafx-graphics-21-ea+24.jar;C:\Users\Lenovo\.m2\repository\org\openjfx\javafx-base\21-ea+24\javafx-base-21-ea+24.jar;C:\Users\Lenovo\.m2\repository\org\openjfx\javafx-fxml\21-ea+24\javafx-fxml-21-ea+24.jar;C:\Users\Lenovo\OneDrive\Desktop\postgresql-42.7.1.jar
Launcher Type: SUN_STANDARD

[Global flags]
     intx CICompilerCount                          = 4                                         {product} {ergonomic}
     uint ConcGCThreads                            = 2                                         {product} {ergonomic}
     uint G1ConcRefinementThreads                  = 8                                         {product} {ergonomic}
   size_t G1HeapRegionSize                         = 1048576                                   {product} {ergonomic}
    uintx GCDrainStackTargetSize                   = 64                                        {product} {ergonomic}
   size_t InitialHeapSize                          = 132120576                                 {product} {ergonomic}
   size_t MarkStackSize                            = 4194304                                   {product} {ergonomic}
   size_t MaxHeapSize                              = 2088763392                                {product} {ergonomic}
   size_t MaxNewSize                               = 1253048320                                {product} {ergonomic}
   size_t MinHeapDeltaBytes                        = 1048576                                   {product} {ergonomic}
   size_t MinHeapSize                              = 8388608                                   {product} {ergonomic}
    uintx NonNMethodCodeHeapSize                   = 5839372                                {pd product} {ergonomic}
    uintx NonProfiledCodeHeapSize                  = 122909434                              {pd product} {ergonomic}
    uintx ProfiledCodeHeapSize                     = 122909434                              {pd product} {ergonomic}
    uintx ReservedCodeCacheSize                    = 251658240                              {pd product} {ergonomic}
     bool SegmentedCodeCache                       = true                                      {product} {ergonomic}
   size_t SoftMaxHeapSize                          = 2088763392                             {manageable} {ergonomic}
     bool UseCompressedOops                        = true                           {product lp64_product} {ergonomic}
     bool UseG1GC                                  = true                                      {product} {ergonomic}
     bool UseLargePagesIndividualAllocation        = false                                  {pd product} {ergonomic}

Logging:
Log output configuration:
 #0: stdout all=warning uptime,level,tags foldmultilines=false
 #1: stderr all=off uptime,level,tags foldmultilines=false

Environment Variables:
PATH=C:\Python312\Scripts\;C:\Python312\;C:\Program Files\Common Files\Oracle\Java\javapath;C:\Python311\Scripts\;C:\Python311\;C:\ProgramData\Oracle\Java\javapath;C:\Windows\system32;C:\Windows;C:\Windows\System32\Wbem;C:\Windows\System32\WindowsPowerShell\v1.0\;C:\Windows\System32\OpenSSH\;C:\Program Files\Microsoft SQL Server\150\Tools\Binn\;C:\Program Files\Microsoft SQL Server\Client SDK\ODBC\170\Tools\Binn\;C:\Program Files\dotnet\;C:\ProgramData\chocolatey\bin;C:\Program Files\Git\cmd;C:\Program Files\nodejs\;C:\Users\Lenovo\AppData\Local\Microsoft\WindowsApps;;C:\Users\Lenovo\AppData\Local\Programs\Microsoft VS Code\bin;C:\Users\Lenovo\.dotnet\tools;C:\Program Files\JetBrains\IntelliJ IDEA Community Edition 2023.2.4\bin;;C:\Users\Lenovo\AppData\Roaming\npm
USERNAME=Lenovo
OS=Windows_NT
PROCESSOR_IDENTIFIER=Intel64 Family 6 Model 126 Stepping 5, GenuineIntel
TMP=C:\Users\Lenovo\AppData\Local\Temp
TEMP=C:\Users\Lenovo\AppData\Local\Temp




---------------  S Y S T E M  ---------------

OS:
 Windows 10 , 64 bit Build 19041 (10.0.19041.3636)
OS uptime: 9 days 6:25 hours

CPU: total 8 (initial active 8) (4 cores per cpu, 2 threads per core) family 6 model 126 stepping 5 microcode 0xb2, cx8, cmov, fxsr, ht, mmx, 3dnowpref, sse, sse2, sse3, ssse3, sse4.1, sse4.2, popcnt, lzcnt, tsc, tscinvbit, avx, avx2, aes, erms, clmul, bmi1, bmi2, adx, avx512f, avx512dq, avx512cd, avx512bw, avx512vl, sha, fma, vzeroupper, avx512_vpopcntdq, avx512_vpclmulqdq, avx512_vaes, avx512_vnni, clflush, clflushopt, avx512_vbmi2, avx512_vbmi, rdtscp, rdpid, fsrm, gfni, avx512_bitalg, f16c, pku, avx512_ifma
Processor Information for all 8 processors :
  Max Mhz: 1498, Current Mhz: 1298, Mhz Limit: 1288

Memory: 4k page, system-wide physical 7960M (953M free)
TotalPageFile size 10960M (AvailPageFile size 6M)
current process WorkingSet (physical memory assigned to process): 189M, peak: 192M
current process commit charge ("private bytes"): 305M, peak: 307M

vm_info: Java HotSpot(TM) 64-Bit Server VM (21+35-LTS-2513) for windows-amd64 JRE (21+35-LTS-2513), built on 2023-08-09T20:25:10Z by "mach5one" with MS VC++ 17.1 (VS2022)

END.
