#
# There is insufficient memory for the Java Runtime Environment to continue.
# Native memory allocation (malloc) failed to allocate 2142816 bytes for Chunk::new
# Possible reasons:
#   The system is out of physical RAM or swap space
#   The process is running with CompressedOops enabled, and the Java Heap may be blocking the growth of the native heap
# Possible solutions:
#   Reduce memory load on the system
#   Increase physical memory or swap space
#   Check if swap backing store is full
#   Decrease Java heap size (-Xmx/-Xms)
#   Decrease number of Java threads
#   Decrease Java thread stack sizes (-Xss)
#   Set larger code cache with -XX:ReservedCodeCacheSize=
#   JVM is running with Unscaled Compressed Oops mode in which the Java heap is
#     placed in the first 4GB address space. The Java Heap base address is the
#     maximum limit for the native heap growth. Please use -XX:HeapBaseMinAddress
#     to set the Java Heap base and to place the Java Heap above 4GB virtual address.
# This output file may be truncated or incomplete.
#
#  Out of Memory Error (arena.cpp:166), pid=9040, tid=14908
#
# JRE version: Java(TM) SE Runtime Environment (21.0+35) (build 21+35-LTS-2513)
# Java VM: Java HotSpot(TM) 64-Bit Server VM (21+35-LTS-2513, mixed mode, sharing, tiered, compressed oops, compressed class ptrs, g1 gc, windows-amd64)
# No core dump will be written. Minidumps are not enabled by default on client versions of Windows
#

---------------  S U M M A R Y ------------

Command Line: -javaagent:C:\Program Files\JetBrains\IntelliJ IDEA Community Edition 2023.2.4\lib\idea_rt.jar=59693:C:\Program Files\JetBrains\IntelliJ IDEA Community Edition 2023.2.4\bin -Dfile.encoding=UTF-8 -Dsun.stdout.encoding=UTF-8 -Dsun.stderr.encoding=UTF-8 --module-path=C:\Users\Lenovo\.m2\repository\org\openjfx\javafx-fxml\21-ea+24\javafx-fxml-21-ea+24-win.jar;C:\Users\Lenovo\.m2\repository\org\openjfx\javafx-controls\21-ea+24\javafx-controls-21-ea+24-win.jar;C:\Users\Lenovo\IdeaProjects\demo18\target\classes;C:\Users\Lenovo\.m2\repository\org\openjfx\javafx-graphics\21-ea+24\javafx-graphics-21-ea+24-win.jar;C:\Users\Lenovo\.m2\repository\org\openjfx\javafx-base\21-ea+24\javafx-base-21-ea+24-win.jar -Djdk.module.main=com.example.demo18 com.example.demo18/com.example.demo18.HelloApplication

Host: Intel(R) Core(TM) i7-1065G7 CPU @ 1.30GHz, 8 cores, 7G,  Windows 10 , 64 bit Build 19041 (10.0.19041.3636)
Time: Fri Dec 15 16:31:22 2023  Windows 10 , 64 bit Build 19041 (10.0.19041.3636) elapsed time: 28.632897 seconds (0d 0h 0m 28s)

---------------  T H R E A D  ---------------

Current thread (0x000001aba85903a0):  JavaThread "C2 CompilerThread0" daemon [_thread_in_native, id=14908, stack(0x000000767a700000,0x000000767a800000) (1024K)]


Current CompileTask:
C2:  28632 4700   !   4       javafx.scene.CssStyleHelper::transitionToState (1039 bytes)

Stack: [0x000000767a700000,0x000000767a800000]
Native frames: (J=compiled Java code, j=interpreted, Vv=VM code, C=native code)
V  [jvm.dll+0x6c8d39]
V  [jvm.dll+0x854091]
V  [jvm.dll+0x85630e]
V  [jvm.dll+0x8569e3]
V  [jvm.dll+0x2809a6]
V  [jvm.dll+0xc3e6d]
V  [jvm.dll+0xc4383]
V  [jvm.dll+0x3b551c]
V  [jvm.dll+0x1e1fa9]
V  [jvm.dll+0x249952]
V  [jvm.dll+0x248de1]
V  [jvm.dll+0x1c9b91]
V  [jvm.dll+0x2583e9]
V  [jvm.dll+0x2569ca]
V  [jvm.dll+0x3eef66]
V  [jvm.dll+0x7fd2c8]
V  [jvm.dll+0x6c748d]
C  [ucrtbase.dll+0x21bb2]
C  [KERNEL32.DLL+0x17344]
C  [ntdll.dll+0x526b1]


---------------  P R O C E S S  ---------------

Threads class SMR info:
_java_thread_list=0x000001abee066b80, length=22, elements={
0x000001ab89ba0ba0, 0x000001aba8579490, 0x000001aba857a4a0, 0x000001aba857db80,
0x000001aba8580960, 0x000001aba85814b0, 0x000001aba8582000, 0x000001aba85903a0,
0x000001aba8590f30, 0x000001aba8797c10, 0x000001abee5c3a00, 0x000001abee5c4070,
0x000001abee892180, 0x000001abee709400, 0x000001abee70a5e0, 0x000001abee9caeb0,
0x000001abeea353c0, 0x000001abeedb1930, 0x000001abeedb12a0, 0x000001abeedb1fc0,
0x000001abf714b010, 0x000001abf83e8580
}

Java Threads: ( => current thread )
  0x000001ab89ba0ba0 JavaThread "main"                              [_thread_blocked, id=8200, stack(0x0000007679900000,0x0000007679a00000) (1024K)]
  0x000001aba8579490 JavaThread "Reference Handler"          daemon [_thread_blocked, id=17296, stack(0x000000767a100000,0x000000767a200000) (1024K)]
  0x000001aba857a4a0 JavaThread "Finalizer"                  daemon [_thread_blocked, id=6188, stack(0x000000767a200000,0x000000767a300000) (1024K)]
  0x000001aba857db80 JavaThread "Signal Dispatcher"          daemon [_thread_blocked, id=14868, stack(0x000000767a300000,0x000000767a400000) (1024K)]
  0x000001aba8580960 JavaThread "Attach Listener"            daemon [_thread_blocked, id=8556, stack(0x000000767a400000,0x000000767a500000) (1024K)]
  0x000001aba85814b0 JavaThread "Service Thread"             daemon [_thread_blocked, id=12104, stack(0x000000767a500000,0x000000767a600000) (1024K)]
  0x000001aba8582000 JavaThread "Monitor Deflation Thread"   daemon [_thread_blocked, id=2784, stack(0x000000767a600000,0x000000767a700000) (1024K)]
=>0x000001aba85903a0 JavaThread "C2 CompilerThread0"         daemon [_thread_in_native, id=14908, stack(0x000000767a700000,0x000000767a800000) (1024K)]
  0x000001aba8590f30 JavaThread "C1 CompilerThread0"         daemon [_thread_blocked, id=2692, stack(0x000000767a800000,0x000000767a900000) (1024K)]
  0x000001aba8797c10 JavaThread "Common-Cleaner"             daemon [_thread_blocked, id=6628, stack(0x000000767a900000,0x000000767aa00000) (1024K)]
  0x000001abee5c3a00 JavaThread "Monitor Ctrl-Break"         daemon [_thread_in_native, id=15248, stack(0x000000767ac00000,0x000000767ad00000) (1024K)]
  0x000001abee5c4070 JavaThread "Notification Thread"        daemon [_thread_blocked, id=9988, stack(0x000000767ad00000,0x000000767ae00000) (1024K)]
  0x000001abee892180 JavaThread "QuantumRenderer-0"          daemon [_thread_blocked, id=12580, stack(0x000000767ae00000,0x000000767af00000) (1024K)]
  0x000001abee709400 JavaThread "InvokeLaterDispatcher"      daemon [_thread_blocked, id=12120, stack(0x000000767af00000,0x000000767b000000) (1024K)]
  0x000001abee70a5e0 JavaThread "JavaFX Application Thread"         [_thread_in_native, id=12796, stack(0x000000767b000000,0x000000767b100000) (1024K)]
  0x000001abee9caeb0 JavaThread "Thread-1"                   daemon [_thread_in_native, id=4220, stack(0x000000767ab00000,0x000000767ac00000) (1024K)]
  0x000001abeea353c0 JavaThread "JavaFX-Launcher"                   [_thread_blocked, id=14604, stack(0x000000767b400000,0x000000767b500000) (1024K)]
  0x000001abeedb1930 JavaThread "Prism Font Disposer"        daemon [_thread_blocked, id=1868, stack(0x000000767be00000,0x000000767bf00000) (1024K)]
  0x000001abeedb12a0 JavaThread "Cleaner-0"                  daemon [_thread_blocked, id=2956, stack(0x000000767c100000,0x000000767c200000) (1024K)]
  0x000001abeedb1fc0 JavaThread "PostgreSQL-JDBC-Cleaner"    daemon [_thread_blocked, id=8732, stack(0x000000767c300000,0x000000767c400000) (1024K)]
  0x000001abf714b010 JavaThread "C2 CompilerThread1"         daemon [_thread_blocked, id=10324, stack(0x000000767ba00000,0x000000767bb00000) (1024K)]
  0x000001abf83e8580 JavaThread "C2 CompilerThread2"         daemon [_thread_blocked, id=10280, stack(0x000000767c200000,0x000000767c300000) (1024K)]
Total: 22

Other Threads:
  0x000001aba8559cc0 VMThread "VM Thread"                           [id=13708, stack(0x000000767a000000,0x000000767a100000) (1024K)]
  0x000001aba85417a0 WatcherThread "VM Periodic Task Thread"        [id=10932, stack(0x0000007679f00000,0x000000767a000000) (1024K)]
  0x000001ab8bd2b1f0 WorkerThread "GC Thread#0"                     [id=8744, stack(0x0000007679a00000,0x0000007679b00000) (1024K)]
  0x000001abeeaadb80 WorkerThread "GC Thread#1"                     [id=3332, stack(0x000000767b500000,0x000000767b600000) (1024K)]
  0x000001abeeaf8d70 WorkerThread "GC Thread#2"                     [id=6248, stack(0x000000767b600000,0x000000767b700000) (1024K)]
  0x000001abeeaf9930 WorkerThread "GC Thread#3"                     [id=11532, stack(0x000000767b700000,0x000000767b800000) (1024K)]
  0x000001abeeafa150 WorkerThread "GC Thread#4"                     [id=15636, stack(0x000000767b800000,0x000000767b900000) (1024K)]
  0x000001abeeafa4f0 WorkerThread "GC Thread#5"                     [id=5284, stack(0x000000767b900000,0x000000767ba00000) (1024K)]
  0x000001abeec79470 WorkerThread "GC Thread#6"                     [id=13036, stack(0x000000767bf00000,0x000000767c000000) (1024K)]
  0x000001abeec79810 WorkerThread "GC Thread#7"                     [id=6984, stack(0x000000767c000000,0x000000767c100000) (1024K)]
  0x000001ab8bd3bad0 ConcurrentGCThread "G1 Main Marker"            [id=14672, stack(0x0000007679b00000,0x0000007679c00000) (1024K)]
  0x000001ab8bd3c780 WorkerThread "G1 Conc#0"                       [id=776, stack(0x0000007679c00000,0x0000007679d00000) (1024K)]
  0x000001abeec7a2f0 WorkerThread "G1 Conc#1"                       [id=14584, stack(0x000000767c400000,0x000000767c500000) (1024K)]
  0x000001aba84120c0 ConcurrentGCThread "G1 Refine#0"               [id=15356, stack(0x0000007679d00000,0x0000007679e00000) (1024K)]
  0x000001ab8bdad980 ConcurrentGCThread "G1 Service"                [id=11260, stack(0x0000007679e00000,0x0000007679f00000) (1024K)]
Total: 15

Threads with active compile tasks:
C2 CompilerThread0    28665 4700   !   4       javafx.scene.CssStyleHelper::transitionToState (1039 bytes)
Total: 1

VM state: not at safepoint (normal execution)

VM Mutex/Monitor currently owned by a thread: None

Heap address: 0x0000000083800000, size: 1992 MB, Compressed Oops mode: 32-bit

CDS archive(s) mapped at: [0x000001aba9000000-0x000001aba9c90000-0x000001aba9c90000), size 13172736, SharedBaseAddress: 0x000001aba9000000, ArchiveRelocationMode: 1.
Compressed class space mapped at: 0x000001abaa000000-0x000001abea000000, reserved size: 1073741824
Narrow klass base: 0x000001aba9000000, Narrow klass shift: 0, Narrow klass range: 0x100000000

GC Precious Log:
 CardTable entry size: 512
 Card Set container configuration: InlinePtr #cards 5 size 8 Array Of Cards #cards 12 size 40 Howl #buckets 4 coarsen threshold 1843 Howl Bitmap #cards 512 size 80 coarsen threshold 460 Card regions per heap region 1 cards per card region 2048
 CPUs: 8 total, 8 available
 Memory: 7960M
 Large Page Support: Disabled
 NUMA Support: Disabled
 Compressed Oops: Enabled (32-bit)
 Heap Region Size: 1M
 Heap Min Capacity: 8M
 Heap Initial Capacity: 126M
 Heap Max Capacity: 1992M
 Pre-touch: Disabled
 Parallel Workers: 8
 Concurrent Workers: 2
 Concurrent Refinement Workers: 8
 Periodic GC: Disabled

Heap:
 garbage-first heap   total 68608K, used 35219K [0x0000000083800000, 0x0000000100000000)
  region size 1024K, 24 young (24576K), 10 survivors (10240K)
 Metaspace       used 22919K, committed 23296K, reserved 1114112K
  class space    used 3222K, committed 3392K, reserved 1048576K

Heap Regions: E=young(eden), S=young(survivor), O=old, HS=humongous(starts), HC=humongous(continues), CS=collection set, F=free, TAMS=top-at-mark-start, PB=parsable bottom
|   0|0x0000000083800000, 0x0000000083900000, 0x0000000083900000|100%| O|  |TAMS 0x0000000083800000| PB 0x0000000083800000| Untracked 
|   1|0x0000000083900000, 0x0000000083a00000, 0x0000000083a00000|100%| O|  |TAMS 0x0000000083900000| PB 0x0000000083900000| Untracked 
|   2|0x0000000083a00000, 0x0000000083a92478, 0x0000000083b00000| 57%| O|Cm|TAMS 0x0000000083a00000| PB 0x0000000083a00000| Complete 
|   3|0x0000000083b00000, 0x0000000083c00000, 0x0000000083c00000|100%|HS|  |TAMS 0x0000000083b00000| PB 0x0000000083b00000| Complete 
|   4|0x0000000083c00000, 0x0000000083d00000, 0x0000000083d00000|100%|HC|  |TAMS 0x0000000083c00000| PB 0x0000000083c00000| Complete 
|   5|0x0000000083d00000, 0x0000000083d00000, 0x0000000083e00000|  0%| F|  |TAMS 0x0000000083d00000| PB 0x0000000083d00000| Untracked 
|   6|0x0000000083e00000, 0x0000000083e00000, 0x0000000083f00000|  0%| F|  |TAMS 0x0000000083e00000| PB 0x0000000083e00000| Untracked 
|   7|0x0000000083f00000, 0x0000000083f00000, 0x0000000084000000|  0%| F|  |TAMS 0x0000000083f00000| PB 0x0000000083f00000| Untracked 
|   8|0x0000000084000000, 0x0000000084000000, 0x0000000084100000|  0%| F|  |TAMS 0x0000000084000000| PB 0x0000000084000000| Untracked 
|   9|0x0000000084100000, 0x0000000084100000, 0x0000000084200000|  0%| F|  |TAMS 0x0000000084100000| PB 0x0000000084100000| Untracked 
|  10|0x0000000084200000, 0x0000000084200000, 0x0000000084300000|  0%| F|  |TAMS 0x0000000084200000| PB 0x0000000084200000| Untracked 
|  11|0x0000000084300000, 0x0000000084300000, 0x0000000084400000|  0%| F|  |TAMS 0x0000000084300000| PB 0x0000000084300000| Untracked 
|  12|0x0000000084400000, 0x0000000084400000, 0x0000000084500000|  0%| F|  |TAMS 0x0000000084400000| PB 0x0000000084400000| Untracked 
|  13|0x0000000084500000, 0x0000000084500000, 0x0000000084600000|  0%| F|  |TAMS 0x0000000084500000| PB 0x0000000084500000| Untracked 
|  14|0x0000000084600000, 0x0000000084600000, 0x0000000084700000|  0%| F|  |TAMS 0x0000000084600000| PB 0x0000000084600000| Untracked 
|  15|0x0000000084700000, 0x0000000084700000, 0x0000000084800000|  0%| F|  |TAMS 0x0000000084700000| PB 0x0000000084700000| Untracked 
|  16|0x0000000084800000, 0x0000000084800000, 0x0000000084900000|  0%| F|  |TAMS 0x0000000084800000| PB 0x0000000084800000| Untracked 
|  17|0x0000000084900000, 0x0000000084900000, 0x0000000084a00000|  0%| F|  |TAMS 0x0000000084900000| PB 0x0000000084900000| Untracked 
|  18|0x0000000084a00000, 0x0000000084a00000, 0x0000000084b00000|  0%| F|  |TAMS 0x0000000084a00000| PB 0x0000000084a00000| Untracked 
|  19|0x0000000084b00000, 0x0000000084b00000, 0x0000000084c00000|  0%| F|  |TAMS 0x0000000084b00000| PB 0x0000000084b00000| Untracked 
|  20|0x0000000084c00000, 0x0000000084c00000, 0x0000000084d00000|  0%| F|  |TAMS 0x0000000084c00000| PB 0x0000000084c00000| Untracked 
|  21|0x0000000084d00000, 0x0000000084d00000, 0x0000000084e00000|  0%| F|  |TAMS 0x0000000084d00000| PB 0x0000000084d00000| Untracked 
|  22|0x0000000084e00000, 0x0000000084e00000, 0x0000000084f00000|  0%| F|  |TAMS 0x0000000084e00000| PB 0x0000000084e00000| Untracked 
|  23|0x0000000084f00000, 0x0000000084f00000, 0x0000000085000000|  0%| F|  |TAMS 0x0000000084f00000| PB 0x0000000084f00000| Untracked 
|  24|0x0000000085000000, 0x0000000085000000, 0x0000000085100000|  0%| F|  |TAMS 0x0000000085000000| PB 0x0000000085000000| Untracked 
|  25|0x0000000085100000, 0x0000000085100000, 0x0000000085200000|  0%| F|  |TAMS 0x0000000085100000| PB 0x0000000085100000| Untracked 
|  26|0x0000000085200000, 0x0000000085200000, 0x0000000085300000|  0%| F|  |TAMS 0x0000000085200000| PB 0x0000000085200000| Untracked 
|  27|0x0000000085300000, 0x0000000085300000, 0x0000000085400000|  0%| F|  |TAMS 0x0000000085300000| PB 0x0000000085300000| Untracked 
|  28|0x0000000085400000, 0x0000000085400000, 0x0000000085500000|  0%| F|  |TAMS 0x0000000085400000| PB 0x0000000085400000| Untracked 
|  29|0x0000000085500000, 0x0000000085500000, 0x0000000085600000|  0%| F|  |TAMS 0x0000000085500000| PB 0x0000000085500000| Untracked 
|  30|0x0000000085600000, 0x0000000085600000, 0x0000000085700000|  0%| F|  |TAMS 0x0000000085600000| PB 0x0000000085600000| Untracked 
|  31|0x0000000085700000, 0x0000000085700000, 0x0000000085800000|  0%| F|  |TAMS 0x0000000085700000| PB 0x0000000085700000| Untracked 
|  32|0x0000000085800000, 0x0000000085800000, 0x0000000085900000|  0%| F|  |TAMS 0x0000000085800000| PB 0x0000000085800000| Untracked 
|  33|0x0000000085900000, 0x0000000085900000, 0x0000000085a00000|  0%| F|  |TAMS 0x0000000085900000| PB 0x0000000085900000| Untracked 
|  34|0x0000000085a00000, 0x0000000085a00000, 0x0000000085b00000|  0%| F|  |TAMS 0x0000000085a00000| PB 0x0000000085a00000| Untracked 
|  35|0x0000000085b00000, 0x0000000085b00000, 0x0000000085c00000|  0%| F|  |TAMS 0x0000000085b00000| PB 0x0000000085b00000| Untracked 
|  36|0x0000000085c00000, 0x0000000085c00800, 0x0000000085d00000|  0%| E|  |TAMS 0x0000000085c00000| PB 0x0000000085c00000| Complete 
|  37|0x0000000085d00000, 0x0000000085e00000, 0x0000000085e00000|100%| E|CS|TAMS 0x0000000085d00000| PB 0x0000000085d00000| Complete 
|  38|0x0000000085e00000, 0x0000000085f00000, 0x0000000085f00000|100%| E|CS|TAMS 0x0000000085e00000| PB 0x0000000085e00000| Complete 
|  39|0x0000000085f00000, 0x0000000086000000, 0x0000000086000000|100%| E|CS|TAMS 0x0000000085f00000| PB 0x0000000085f00000| Complete 
|  40|0x0000000086000000, 0x0000000086100000, 0x0000000086100000|100%| S|CS|TAMS 0x0000000086000000| PB 0x0000000086000000| Complete 
|  41|0x0000000086100000, 0x0000000086200000, 0x0000000086200000|100%| S|CS|TAMS 0x0000000086100000| PB 0x0000000086100000| Complete 
|  42|0x0000000086200000, 0x0000000086300000, 0x0000000086300000|100%| S|CS|TAMS 0x0000000086200000| PB 0x0000000086200000| Complete 
|  43|0x0000000086300000, 0x0000000086400000, 0x0000000086400000|100%| S|CS|TAMS 0x0000000086300000| PB 0x0000000086300000| Complete 
|  44|0x0000000086400000, 0x0000000086500000, 0x0000000086500000|100%| S|CS|TAMS 0x0000000086400000| PB 0x0000000086400000| Complete 
|  45|0x0000000086500000, 0x0000000086600000, 0x0000000086600000|100%| S|CS|TAMS 0x0000000086500000| PB 0x0000000086500000| Complete 
|  46|0x0000000086600000, 0x0000000086700000, 0x0000000086700000|100%| S|CS|TAMS 0x0000000086600000| PB 0x0000000086600000| Complete 
|  47|0x0000000086700000, 0x0000000086800000, 0x0000000086800000|100%| S|CS|TAMS 0x0000000086700000| PB 0x0000000086700000| Complete 
|  48|0x0000000086800000, 0x0000000086900000, 0x0000000086900000|100%| S|CS|TAMS 0x0000000086800000| PB 0x0000000086800000| Complete 
|  49|0x0000000086900000, 0x0000000086a00000, 0x0000000086a00000|100%| S|CS|TAMS 0x0000000086900000| PB 0x0000000086900000| Complete 
|  76|0x0000000088400000, 0x0000000088500000, 0x0000000088500000|100%| E|CS|TAMS 0x0000000088400000| PB 0x0000000088400000| Complete 
|  77|0x0000000088500000, 0x0000000088600000, 0x0000000088600000|100%| E|CS|TAMS 0x0000000088500000| PB 0x0000000088500000| Complete 
|  78|0x0000000088600000, 0x0000000088700000, 0x0000000088700000|100%| E|CS|TAMS 0x0000000088600000| PB 0x0000000088600000| Complete 
|  79|0x0000000088700000, 0x0000000088800000, 0x0000000088800000|100%| E|CS|TAMS 0x0000000088700000| PB 0x0000000088700000| Complete 
|  80|0x0000000088800000, 0x0000000088900000, 0x0000000088900000|100%| E|CS|TAMS 0x0000000088800000| PB 0x0000000088800000| Complete 
|  81|0x0000000088900000, 0x0000000088a00000, 0x0000000088a00000|100%| E|CS|TAMS 0x0000000088900000| PB 0x0000000088900000| Complete 
|  82|0x0000000088a00000, 0x0000000088b00000, 0x0000000088b00000|100%| E|CS|TAMS 0x0000000088a00000| PB 0x0000000088a00000| Complete 
|  83|0x0000000088b00000, 0x0000000088c00000, 0x0000000088c00000|100%| E|CS|TAMS 0x0000000088b00000| PB 0x0000000088b00000| Complete 
|  84|0x0000000088c00000, 0x0000000088d00000, 0x0000000088d00000|100%| E|CS|TAMS 0x0000000088c00000| PB 0x0000000088c00000| Complete 
| 125|0x000000008b500000, 0x000000008b600000, 0x000000008b600000|100%| E|CS|TAMS 0x000000008b500000| PB 0x000000008b500000| Complete 
|1985|0x00000000ff900000, 0x00000000ff9d2980, 0x00000000ffa00000| 82%| O|  |TAMS 0x00000000ff900000| PB 0x00000000ff900000| Untracked 
|1986|0x00000000ffa00000, 0x00000000ffb00000, 0x00000000ffb00000|100%| O|  |TAMS 0x00000000ffa00000| PB 0x00000000ffa00000| Untracked 
|1987|0x00000000ffb00000, 0x00000000ffc00000, 0x00000000ffc00000|100%| O|  |TAMS 0x00000000ffb00000| PB 0x00000000ffb00000| Untracked 
|1988|0x00000000ffc00000, 0x00000000ffd00000, 0x00000000ffd00000|100%| O|  |TAMS 0x00000000ffc00000| PB 0x00000000ffc00000| Untracked 
|1989|0x00000000ffd00000, 0x00000000ffe00000, 0x00000000ffe00000|100%| O|  |TAMS 0x00000000ffd00000| PB 0x00000000ffd00000| Untracked 
|1990|0x00000000ffe00000, 0x00000000fff00000, 0x00000000fff00000|100%| O|  |TAMS 0x00000000ffe00000| PB 0x00000000ffe00000| Untracked 
|1991|0x00000000fff00000, 0x0000000100000000, 0x0000000100000000|100%| O|  |TAMS 0x00000000fff00000| PB 0x00000000fff00000| Untracked 

Card table byte_map: [0x000001aba3860000,0x000001aba3c50000] _byte_map_base: 0x000001aba3444000

Marking Bits: (CMBitMap*) 0x000001ab8bd2b8f0
 Bits: [0x000001aba3c50000, 0x000001aba5b70000)

Polling page: 0x000001ab89cd0000

Metaspace:

Usage:
  Non-class:     19.24 MB used.
      Class:      3.15 MB used.
       Both:     22.38 MB used.

Virtual space:
  Non-class space:       64.00 MB reserved,      19.44 MB ( 30%) committed,  1 nodes.
      Class space:        1.00 GB reserved,       3.31 MB ( <1%) committed,  1 nodes.
             Both:        1.06 GB reserved,      22.75 MB (  2%) committed. 

Chunk freelists:
   Non-Class:  12.23 MB
       Class:  12.54 MB
        Both:  24.78 MB

MaxMetaspaceSize: unlimited
CompressedClassSpaceSize: 1.00 GB
Initial GC threshold: 21.00 MB
Current GC threshold: 35.12 MB
CDS: on
 - commit_granule_bytes: 65536.
 - commit_granule_words: 8192.
 - virtual_space_node_default_size: 8388608.
 - enlarge_chunks_in_place: 1.
 - use_allocation_guard: 0.


Internal statistics:

num_allocs_failed_limit: 3.
num_arena_births: 398.
num_arena_deaths: 0.
num_vsnodes_births: 2.
num_vsnodes_deaths: 0.
num_space_committed: 364.
num_space_uncommitted: 0.
num_chunks_returned_to_freelist: 3.
num_chunks_taken_from_freelist: 1133.
num_chunk_merges: 3.
num_chunk_splits: 797.
num_chunks_enlarged: 601.
num_inconsistent_stats: 0.

CodeHeap 'non-profiled nmethods': size=120000Kb used=2513Kb max_used=2513Kb free=117487Kb
 bounds [0x000001ab9bc10000, 0x000001ab9be90000, 0x000001aba3140000]
CodeHeap 'profiled nmethods': size=120000Kb used=10654Kb max_used=10654Kb free=109345Kb
 bounds [0x000001ab94140000, 0x000001ab94bb0000, 0x000001ab9b670000]
CodeHeap 'non-nmethods': size=5760Kb used=2100Kb max_used=2171Kb free=3660Kb
 bounds [0x000001ab9b670000, 0x000001ab9b8e0000, 0x000001ab9bc10000]
 total_blobs=5920 nmethods=5065 adapters=758
 compilation: enabled
              stopped_count=0, restarted_count=0
 full_count=0

Compilation events (20 events):
Event: 28.616 Thread 0x000001abf83e8580 nmethod 5043 0x000001ab9be76f10 code [0x000001ab9be770a0, 0x000001ab9be77210]
Event: 28.616 Thread 0x000001abf83e8580 5050       4       com.sun.javafx.font.CompositeStrike::getQuantizedPosition (12 bytes)
Event: 28.616 Thread 0x000001abf714b010 nmethod 5049 0x000001ab9be77390 code [0x000001ab9be77520, 0x000001ab9be775d8]
Event: 28.616 Thread 0x000001abf714b010 5051       4       com.sun.javafx.font.directwrite.DWFontStrike::getQuantizedPosition (151 bytes)
Event: 28.617 Thread 0x000001abf714b010 nmethod 5051 0x000001ab9be77690 code [0x000001ab9be77860, 0x000001ab9be77a80]
Event: 28.617 Thread 0x000001abf714b010 5054   !   4       com.sun.prism.impl.GlyphCache::getCachedGlyph (494 bytes)
Event: 28.620 Thread 0x000001abf83e8580 nmethod 5050 0x000001ab9be77b90 code [0x000001ab9be77da0, 0x000001ab9be78248]
Event: 28.620 Thread 0x000001abf83e8580 5058       4       com.sun.prism.impl.GlyphCache::addDataToQuad (305 bytes)
Event: 28.627 Thread 0x000001aba8590f30 5065       3       com.sun.scenario.effect.impl.prism.ps.PPSDrawable::getMaxContentWidth (10 bytes)
Event: 28.628 Thread 0x000001aba8590f30 nmethod 5065 0x000001ab94ba6d10 code [0x000001ab94ba6ec0, 0x000001ab94ba70a8]
Event: 28.628 Thread 0x000001aba8590f30 5066       3       com.sun.scenario.effect.impl.prism.ps.PPSDrawable::getMaxContentHeight (10 bytes)
Event: 28.628 Thread 0x000001aba8590f30 nmethod 5066 0x000001ab94ba7190 code [0x000001ab94ba7340, 0x000001ab94ba7528]
Event: 28.628 Thread 0x000001aba8590f30 5067       3       java.nio.MappedByteBuffer::position (8 bytes)
Event: 28.628 Thread 0x000001aba8590f30 nmethod 5067 0x000001ab94ba7610 code [0x000001ab94ba77c0, 0x000001ab94ba7978]
Event: 28.629 Thread 0x000001aba8590f30 5068       1       com.sun.scenario.effect.FilterContext::getReferent (5 bytes)
Event: 28.629 Thread 0x000001abf83e8580 nmethod 5058 0x000001ab9be78510 code [0x000001ab9be78700, 0x000001ab9be78e68]
Event: 28.629 Thread 0x000001aba8590f30 nmethod 5068 0x000001ab9be79390 code [0x000001ab9be79520, 0x000001ab9be795e8]
Event: 28.629 Thread 0x000001abf83e8580 5060       4       com.sun.prism.impl.VertexBuffer::ensureCapacityForQuad (38 bytes)
Event: 28.629 Thread 0x000001abf83e8580 nmethod 5060 0x000001ab9be79690 code [0x000001ab9be79820, 0x000001ab9be798d8]
Event: 28.630 Thread 0x000001abf83e8580 5059       4       com.sun.prism.impl.VertexBuffer::addQuad (63 bytes)

GC Heap History (8 events):
Event: 0.797 GC heap before
{Heap before GC invocations=0 (full 0):
 garbage-first heap   total 129024K, used 22528K [0x0000000083800000, 0x0000000100000000)
  region size 1024K, 23 young (23552K), 0 survivors (0K)
 Metaspace       used 5008K, committed 5248K, reserved 1114112K
  class space    used 575K, committed 704K, reserved 1048576K
}
Event: 0.801 GC heap after
{Heap after GC invocations=1 (full 0):
 garbage-first heap   total 129024K, used 3022K [0x0000000083800000, 0x0000000100000000)
  region size 1024K, 3 young (3072K), 3 survivors (3072K)
 Metaspace       used 5008K, committed 5248K, reserved 1114112K
  class space    used 575K, committed 704K, reserved 1048576K
}
Event: 1.335 GC heap before
{Heap before GC invocations=1 (full 0):
 garbage-first heap   total 129024K, used 36814K [0x0000000083800000, 0x0000000100000000)
  region size 1024K, 37 young (37888K), 3 survivors (3072K)
 Metaspace       used 12651K, committed 12928K, reserved 1114112K
  class space    used 1857K, committed 1984K, reserved 1048576K
}
Event: 1.341 GC heap after
{Heap after GC invocations=2 (full 0):
 garbage-first heap   total 129024K, used 6422K [0x0000000083800000, 0x0000000100000000)
  region size 1024K, 4 young (4096K), 4 survivors (4096K)
 Metaspace       used 12651K, committed 12928K, reserved 1114112K
  class space    used 1857K, committed 1984K, reserved 1048576K
}
Event: 24.229 GC heap before
{Heap before GC invocations=2 (full 0):
 garbage-first heap   total 129024K, used 44310K [0x0000000083800000, 0x0000000100000000)
  region size 1024K, 41 young (41984K), 4 survivors (4096K)
 Metaspace       used 21178K, committed 21504K, reserved 1114112K
  class space    used 2981K, committed 3136K, reserved 1048576K
}
Event: 24.235 GC heap after
{Heap after GC invocations=3 (full 0):
 garbage-first heap   total 129024K, used 13844K [0x0000000083800000, 0x0000000100000000)
  region size 1024K, 9 young (9216K), 9 survivors (9216K)
 Metaspace       used 21178K, committed 21504K, reserved 1114112K
  class space    used 2981K, committed 3136K, reserved 1048576K
}
Event: 28.240 GC heap before
{Heap before GC invocations=4 (full 0):
 garbage-first heap   total 51200K, used 50708K [0x0000000083800000, 0x0000000100000000)
  region size 1024K, 45 young (46080K), 9 survivors (9216K)
 Metaspace       used 22474K, committed 22784K, reserved 1114112K
  class space    used 3181K, committed 3328K, reserved 1048576K
}
Event: 28.251 GC heap after
{Heap after GC invocations=5 (full 0):
 garbage-first heap   total 68608K, used 21907K [0x0000000083800000, 0x0000000100000000)
  region size 1024K, 10 young (10240K), 10 survivors (10240K)
 Metaspace       used 22474K, committed 22784K, reserved 1114112K
  class space    used 3181K, committed 3328K, reserved 1048576K
}

Dll operation events (20 events):
Event: 0.541 Loaded shared library C:\Users\Lenovo\.openjfx\cache\21-ea+null\amd64\api-ms-win-crt-private-l1-1-0.dll
Event: 0.546 Loaded shared library C:\Users\Lenovo\.openjfx\cache\21-ea+null\amd64\api-ms-win-crt-process-l1-1-0.dll
Event: 0.551 Loaded shared library C:\Users\Lenovo\.openjfx\cache\21-ea+null\amd64\api-ms-win-crt-runtime-l1-1-0.dll
Event: 0.555 Loaded shared library C:\Users\Lenovo\.openjfx\cache\21-ea+null\amd64\api-ms-win-crt-stdio-l1-1-0.dll
Event: 0.560 Loaded shared library C:\Users\Lenovo\.openjfx\cache\21-ea+null\amd64\api-ms-win-crt-string-l1-1-0.dll
Event: 0.565 Loaded shared library C:\Users\Lenovo\.openjfx\cache\21-ea+null\amd64\api-ms-win-crt-time-l1-1-0.dll
Event: 0.569 Loaded shared library C:\Users\Lenovo\.openjfx\cache\21-ea+null\amd64\api-ms-win-crt-utility-l1-1-0.dll
Event: 0.583 Loaded shared library C:\Users\Lenovo\.openjfx\cache\21-ea+null\amd64\ucrtbase.dll
Event: 0.588 Loaded shared library C:\Users\Lenovo\.openjfx\cache\21-ea+null\amd64\vcruntime140.dll
Event: 0.592 Loaded shared library C:\Users\Lenovo\.openjfx\cache\21-ea+null\amd64\vcruntime140_1.dll
Event: 0.600 Loaded shared library C:\Users\Lenovo\.openjfx\cache\21-ea+null\amd64\msvcp140.dll
Event: 0.604 Loaded shared library C:\Users\Lenovo\.openjfx\cache\21-ea+null\amd64\msvcp140_1.dll
Event: 0.609 Loaded shared library C:\Users\Lenovo\.openjfx\cache\21-ea+null\amd64\msvcp140_2.dll
Event: 0.645 Loaded shared library C:\Users\Lenovo\.openjfx\cache\21-ea+null\amd64\prism_d3d.dll
Event: 0.680 Loaded shared library C:\Users\Lenovo\.openjfx\cache\21-ea+null\amd64\glass.dll
Event: 0.809 Loaded shared library C:\Program Files\Java\jdk-21\bin\jimage.dll
Event: 0.976 Loaded shared library C:\Users\Lenovo\.openjfx\cache\21-ea+null\amd64\javafx_font.dll
Event: 13.422 Loaded shared library C:\Program Files\Java\jdk-21\bin\management.dll
Event: 13.426 Loaded shared library C:\Program Files\Java\jdk-21\bin\management_ext.dll
Event: 13.584 Loaded shared library C:\Program Files\Java\jdk-21\bin\sunmscapi.dll

Deoptimization events (20 events):
Event: 28.386 Thread 0x000001abee70a5e0 Uncommon trap: trap_request=0xffffffde fr.pc=0x000001ab9be43e60 relative=0x0000000000000be0
Event: 28.386 Thread 0x000001abee70a5e0 Uncommon trap: reason=class_check action=maybe_recompile pc=0x000001ab9be43e60 method=javafx.scene.Node$MiscProperties.getEffect()Ljavafx/scene/effect/Effect; @ 20 c2
Event: 28.386 Thread 0x000001abee70a5e0 DEOPT PACKING pc=0x000001ab9be43e60 sp=0x000000767b0fab40
Event: 28.386 Thread 0x000001abee70a5e0 DEOPT UNPACKING pc=0x000001ab9b6c7da2 sp=0x000000767b0fa8a8 mode 2
Event: 28.386 Thread 0x000001abee70a5e0 Uncommon trap: trap_request=0xffffffde fr.pc=0x000001ab9be43e60 relative=0x0000000000000be0
Event: 28.386 Thread 0x000001abee70a5e0 Uncommon trap: reason=class_check action=maybe_recompile pc=0x000001ab9be43e60 method=javafx.scene.Node$MiscProperties.getEffect()Ljavafx/scene/effect/Effect; @ 20 c2
Event: 28.386 Thread 0x000001abee70a5e0 DEOPT PACKING pc=0x000001ab9be43e60 sp=0x000000767b0fab40
Event: 28.386 Thread 0x000001abee70a5e0 DEOPT UNPACKING pc=0x000001ab9b6c7da2 sp=0x000000767b0fa8a8 mode 2
Event: 28.386 Thread 0x000001abee70a5e0 Uncommon trap: trap_request=0xffffffde fr.pc=0x000001ab9be43e60 relative=0x0000000000000be0
Event: 28.386 Thread 0x000001abee70a5e0 Uncommon trap: reason=class_check action=maybe_recompile pc=0x000001ab9be43e60 method=javafx.scene.Node$MiscProperties.getEffect()Ljavafx/scene/effect/Effect; @ 20 c2
Event: 28.386 Thread 0x000001abee70a5e0 DEOPT PACKING pc=0x000001ab9be43e60 sp=0x000000767b0fa680
Event: 28.386 Thread 0x000001abee70a5e0 DEOPT UNPACKING pc=0x000001ab9b6c7da2 sp=0x000000767b0fa3e8 mode 2
Event: 28.386 Thread 0x000001abee70a5e0 Uncommon trap: trap_request=0xffffffde fr.pc=0x000001ab9be42794 relative=0x00000000000007d4
Event: 28.386 Thread 0x000001abee70a5e0 Uncommon trap: reason=class_check action=maybe_recompile pc=0x000001ab9be42794 method=javafx.scene.Node$MiscProperties.getEffect()Ljavafx/scene/effect/Effect; @ 20 c2
Event: 28.386 Thread 0x000001abee70a5e0 DEOPT PACKING pc=0x000001ab9be42794 sp=0x000000767b0fa080
Event: 28.386 Thread 0x000001abee70a5e0 DEOPT UNPACKING pc=0x000001ab9b6c7da2 sp=0x000000767b0f9f68 mode 2
Event: 28.422 Thread 0x000001abee70a5e0 Uncommon trap: trap_request=0xffffff45 fr.pc=0x000001ab9bd56628 relative=0x0000000000000ce8
Event: 28.422 Thread 0x000001abee70a5e0 Uncommon trap: reason=unstable_if action=reinterpret pc=0x000001ab9bd56628 method=javafx.scene.Node$MiscProperties.getEffect()Ljavafx/scene/effect/Effect; @ 4 c2
Event: 28.422 Thread 0x000001abee70a5e0 DEOPT PACKING pc=0x000001ab9bd56628 sp=0x000000767b0fd6c0
Event: 28.422 Thread 0x000001abee70a5e0 DEOPT UNPACKING pc=0x000001ab9b6c7da2 sp=0x000000767b0fd438 mode 2

Classes loaded (20 events):
Event: 23.818 Loading class java/lang/invoke/DirectMethodHandle$Special
Event: 23.818 Loading class java/lang/invoke/DirectMethodHandle$Special done
Event: 23.833 Loading class java/net/UnknownHostException
Event: 23.833 Loading class java/net/UnknownHostException done
Event: 23.833 Loading class java/io/CharArrayReader
Event: 23.833 Loading class java/io/CharArrayReader done
Event: 23.848 Loading class jdk/internal/math/FDBigInteger
Event: 23.848 Loading class jdk/internal/math/FDBigInteger done
Event: 23.873 Loading class java/time/format/FormatStyle
Event: 23.873 Loading class java/time/format/FormatStyle done
Event: 23.899 Loading class java/util/BitSet
Event: 23.899 Loading class java/util/BitSet done
Event: 23.912 Loading class sun/reflect/generics/tree/BottomSignature
Event: 23.912 Loading class sun/reflect/generics/tree/BottomSignature done
Event: 23.912 Loading class sun/reflect/generics/tree/Wildcard
Event: 23.913 Loading class sun/reflect/generics/tree/Wildcard done
Event: 23.913 Loading class sun/reflect/generics/reflectiveObjects/WildcardTypeImpl
Event: 23.913 Loading class java/lang/reflect/WildcardType
Event: 23.913 Loading class java/lang/reflect/WildcardType done
Event: 23.913 Loading class sun/reflect/generics/reflectiveObjects/WildcardTypeImpl done

Classes unloaded (0 events):
No events

Classes redefined (0 events):
No events

Internal exceptions (20 events):
Event: 13.380 Thread 0x000001abee70a5e0 Exception <a 'java/lang/NoSuchMethodError'{0x000000008a9e9078}: 'void java.lang.invoke.DelegatingMethodHandle$Holder.delegate(java.lang.Object, java.lang.Object, int, java.lang.Object)'> (0x000000008a9e9078) 
thrown [s\open\src\hotspot\share\interpreter\linkResolver.cpp, line 773]
Event: 13.382 Thread 0x000001abee70a5e0 Exception <a 'sun/nio/fs/WindowsException'{0x000000008a812220}> (0x000000008a812220) 
thrown [s\open\src\hotspot\share\prims\jni.cpp, line 520]
Event: 13.384 Thread 0x000001abee70a5e0 Exception <a 'java/lang/NoSuchMethodError'{0x000000008a815868}: 'java.lang.Object java.lang.invoke.DirectMethodHandle$Holder.invokeVirtual(java.lang.Object, java.lang.Object, java.lang.Object, java.lang.Object)'> (0x000000008a815868) 
thrown [s\open\src\hotspot\share\interpreter\linkResolver.cpp, line 773]
Event: 13.391 Thread 0x000001abee70a5e0 Exception <a 'java/lang/NoSuchMethodError'{0x000000008a860e88}: 'int java.lang.invoke.DirectMethodHandle$Holder.invokeStatic(java.lang.Object, java.lang.Object, java.lang.Object, java.lang.Object)'> (0x000000008a860e88) 
thrown [s\open\src\hotspot\share\interpreter\linkResolver.cpp, line 773]
Event: 13.391 Thread 0x000001abee70a5e0 Exception <a 'java/lang/NoSuchMethodError'{0x000000008a8646a0}: 'int java.lang.invoke.DirectMethodHandle$Holder.invokeStaticInit(java.lang.Object, java.lang.Object, java.lang.Object, java.lang.Object)'> (0x000000008a8646a0) 
thrown [s\open\src\hotspot\share\interpreter\linkResolver.cpp, line 773]
Event: 13.392 Thread 0x000001abee70a5e0 Exception <a 'java/lang/NoSuchMethodError'{0x000000008a86cf28}: 'java.lang.Object java.lang.invoke.DirectMethodHandle$Holder.invokeInterface(java.lang.Object, java.lang.Object)'> (0x000000008a86cf28) 
thrown [s\open\src\hotspot\share\interpreter\linkResolver.cpp, line 773]
Event: 13.394 Thread 0x000001abee70a5e0 Exception <a 'java/lang/IncompatibleClassChangeError'{0x000000008a8706f0}: Found class java.lang.Object, but interface was expected> (0x000000008a8706f0) 
thrown [s\open\src\hotspot\share\interpreter\linkResolver.cpp, line 840]
Event: 13.406 Thread 0x000001abee70a5e0 Exception <a 'sun/nio/fs/WindowsException'{0x000000008a8f2f28}> (0x000000008a8f2f28) 
thrown [s\open\src\hotspot\share\prims\jni.cpp, line 520]
Event: 13.545 Thread 0x000001abee70a5e0 Exception <a 'java/lang/NoSuchMethodError'{0x000000008a7dc730}: 'java.lang.Object java.lang.invoke.DirectMethodHandle$Holder.invokeStaticInit(java.lang.Object, int, int, int, int)'> (0x000000008a7dc730) 
thrown [s\open\src\hotspot\share\interpreter\linkResolver.cpp, line 773]
Event: 13.560 Thread 0x000001abee70a5e0 Exception <a 'java/lang/NoSuchMethodError'{0x000000008a6a62e0}: 'java.lang.Object java.lang.invoke.DirectMethodHandle$Holder.invokeStaticInit(java.lang.Object, java.lang.Object, int, int, int, int)'> (0x000000008a6a62e0) 
thrown [s\open\src\hotspot\share\interpreter\linkResolver.cpp, line 773]
Event: 13.606 Thread 0x000001abee70a5e0 Exception <a 'sun/nio/fs/WindowsException'{0x000000008a418390}> (0x000000008a418390) 
thrown [s\open\src\hotspot\share\prims\jni.cpp, line 520]
Event: 13.617 Thread 0x000001abee70a5e0 Exception <a 'sun/nio/fs/WindowsException'{0x000000008a42a148}> (0x000000008a42a148) 
thrown [s\open\src\hotspot\share\prims\jni.cpp, line 520]
Event: 13.620 Thread 0x000001abee70a5e0 Implicit null exception at 0x000001ab9bd01a9b to 0x000001ab9bd01b4c
Event: 13.694 Thread 0x000001abee70a5e0 Exception <a 'java/lang/NoSuchMethodError'{0x000000008a2ae418}: 'java.lang.Object java.lang.invoke.DirectMethodHandle$Holder.invokeStaticInit(java.lang.Object, java.lang.Object, java.lang.Object)'> (0x000000008a2ae418) 
thrown [s\open\src\hotspot\share\interpreter\linkResolver.cpp, line 773]
Event: 23.807 Thread 0x000001abee70a5e0 Implicit null exception at 0x000001ab9bd1d60b to 0x000001ab9bd1de6c
Event: 24.095 Thread 0x000001abee70a5e0 Exception <a 'java/lang/ClassNotFoundException'{0x00000000897cd340}: com/sun/javafx/scene/control/skin/resources/controls-nt> (0x00000000897cd340) 
thrown [s\open\src\hotspot\share\prims\jni.cpp, line 539]
Event: 24.096 Thread 0x000001abee70a5e0 Exception <a 'java/lang/ClassNotFoundException'{0x00000000897d59b8}: com/sun/javafx/scene/control/skin/resources/controls-nt_ru> (0x00000000897d59b8) 
thrown [s\open\src\hotspot\share\prims\jni.cpp, line 539]
Event: 24.096 Thread 0x000001abee70a5e0 Exception <a 'java/lang/ClassNotFoundException'{0x00000000897d6c50}: com/sun/javafx/scene/control/skin/resources/controls-nt_ru_RU> (0x00000000897d6c50) 
thrown [s\open\src\hotspot\share\prims\jni.cpp, line 539]
Event: 28.222 Thread 0x000001abee70a5e0 Implicit null exception at 0x000001ab9bdf86e6 to 0x000001ab9bdf8e38
Event: 28.425 Thread 0x000001abee892180 Exception <a 'java/lang/NoSuchMethodError'{0x0000000085fe4be0}: 'java.lang.Object java.lang.invoke.DirectMethodHandle$Holder.invokeStaticInit(java.lang.Object, int)'> (0x0000000085fe4be0) 
thrown [s\open\src\hotspot\share\interpreter\linkResolver.cpp, line 773]

ZGC Phase Switch (0 events):
No events

VM Operations (20 events):
Event: 24.205 Executing VM operation: HandshakeAllThreads (Deoptimize)
Event: 24.205 Executing VM operation: HandshakeAllThreads (Deoptimize) done
Event: 24.229 Executing VM operation: CollectForMetadataAllocation (Metadata GC Threshold)
Event: 24.236 Executing VM operation: CollectForMetadataAllocation (Metadata GC Threshold) done
Event: 24.241 Executing VM operation: G1PauseRemark
Event: 24.244 Executing VM operation: G1PauseRemark done
Event: 24.244 Executing VM operation: G1PauseCleanup
Event: 24.247 Executing VM operation: G1PauseCleanup done
Event: 24.463 Executing VM operation: ICBufferFull
Event: 24.464 Executing VM operation: ICBufferFull done
Event: 24.642 Executing VM operation: ICBufferFull
Event: 24.642 Executing VM operation: ICBufferFull done
Event: 24.653 Executing VM operation: HandshakeAllThreads (Deoptimize)
Event: 24.653 Executing VM operation: HandshakeAllThreads (Deoptimize) done
Event: 25.652 Executing VM operation: Cleanup
Event: 25.653 Executing VM operation: Cleanup done
Event: 27.653 Executing VM operation: Cleanup
Event: 27.653 Executing VM operation: Cleanup done
Event: 28.240 Executing VM operation: G1CollectForAllocation (G1 Evacuation Pause)
Event: 28.251 Executing VM operation: G1CollectForAllocation (G1 Evacuation Pause) done

Events (20 events):
Event: 0.685 Thread 0x000001abee70a5e0 Thread added: 0x000001abee70a5e0
Event: 0.741 Thread 0x000001aba89074d0 Thread exited: 0x000001aba89074d0
Event: 0.769 Thread 0x000001abee9caeb0 Thread added: 0x000001abee9caeb0
Event: 0.773 Thread 0x000001abeea353c0 Thread added: 0x000001abeea353c0
Event: 1.032 Thread 0x000001abeeb2cdf0 Thread added: 0x000001abeeb2cdf0
Event: 1.248 Thread 0x000001abeedb1930 Thread added: 0x000001abeedb1930
Event: 1.503 Thread 0x000001abeedb12a0 Thread added: 0x000001abeedb12a0
Event: 1.567 Thread 0x000001abeeb2cdf0 Thread exited: 0x000001abeeb2cdf0
Event: 2.753 Thread 0x000001aba8882e70 Thread exited: 0x000001aba8882e70
Event: 13.597 Thread 0x000001abeef5fdf0 Thread added: 0x000001abeef5fdf0
Event: 13.597 Thread 0x000001abeef604a0 Thread added: 0x000001abeef604a0
Event: 13.695 Thread 0x000001abeedb1fc0 Thread added: 0x000001abeedb1fc0
Event: 14.225 Thread 0x000001abeef5fdf0 Thread exited: 0x000001abeef5fdf0
Event: 14.225 Thread 0x000001abeef604a0 Thread exited: 0x000001abeef604a0
Event: 23.809 Thread 0x000001aba8881cc0 Thread added: 0x000001aba8881cc0
Event: 23.818 Thread 0x000001abee081810 Thread added: 0x000001abee081810
Event: 25.013 Thread 0x000001abee081810 Thread exited: 0x000001abee081810
Event: 25.013 Thread 0x000001aba8881cc0 Thread exited: 0x000001aba8881cc0
Event: 28.208 Thread 0x000001abf714b010 Thread added: 0x000001abf714b010
Event: 28.229 Thread 0x000001abf83e8580 Thread added: 0x000001abf83e8580


Dynamic libraries:
0x00007ff620510000 - 0x00007ff620520000 	C:\Program Files\Java\jdk-21\bin\java.exe
0x00007fffacd30000 - 0x00007fffacf28000 	C:\Windows\SYSTEM32\ntdll.dll
0x00007fffabf60000 - 0x00007fffac01d000 	C:\Windows\System32\KERNEL32.DLL
0x00007fffaa660000 - 0x00007fffaa956000 	C:\Windows\System32\KERNELBASE.dll
0x00007fffaa440000 - 0x00007fffaa540000 	C:\Windows\System32\ucrtbase.dll
0x00007fffa1e00000 - 0x00007fffa1e1b000 	C:\Program Files\Java\jdk-21\bin\VCRUNTIME140.dll
0x00007fffa12f0000 - 0x00007fffa1309000 	C:\Program Files\Java\jdk-21\bin\jli.dll
0x00007fffabd10000 - 0x00007fffabdbf000 	C:\Windows\System32\ADVAPI32.dll
0x00007fffabb90000 - 0x00007fffabc2e000 	C:\Windows\System32\msvcrt.dll
0x00007fffac4b0000 - 0x00007fffac54c000 	C:\Windows\System32\sechost.dll
0x00007fffaba50000 - 0x00007fffabb76000 	C:\Windows\System32\RPCRT4.dll
0x00007fffacb40000 - 0x00007fffaccde000 	C:\Windows\System32\USER32.dll
0x00007fffaa410000 - 0x00007fffaa432000 	C:\Windows\System32\win32u.dll
0x00007fffacab0000 - 0x00007fffacadc000 	C:\Windows\System32\GDI32.dll
0x00007fffaabd0000 - 0x00007fffaacea000 	C:\Windows\System32\gdi32full.dll
0x00007fffaacf0000 - 0x00007fffaad8d000 	C:\Windows\System32\msvcp_win.dll
0x00007fff9fd80000 - 0x00007fff9fd8a000 	C:\Windows\SYSTEM32\VERSION.dll
0x00007fff97270000 - 0x00007fff9750a000 	C:\Windows\WinSxS\amd64_microsoft.windows.common-controls_6595b64144ccf1df_6.0.19041.3636_none_60b6a03d71f818d5\COMCTL32.dll
0x00007fffabe30000 - 0x00007fffabe60000 	C:\Windows\System32\IMM32.DLL
0x00007fffa12e0000 - 0x00007fffa12ec000 	C:\Program Files\Java\jdk-21\bin\vcruntime140_1.dll
0x00007fff6c460000 - 0x00007fff6c4ee000 	C:\Program Files\Java\jdk-21\bin\msvcp140.dll
0x00007fff59e70000 - 0x00007fff5ab83000 	C:\Program Files\Java\jdk-21\bin\server\jvm.dll
0x00007fffabdc0000 - 0x00007fffabe2b000 	C:\Windows\System32\WS2_32.dll
0x00007fffaa1c0000 - 0x00007fffaa20b000 	C:\Windows\SYSTEM32\POWRPROF.dll
0x00007fff9a440000 - 0x00007fff9a467000 	C:\Windows\SYSTEM32\WINMM.dll
0x00007fffaa1a0000 - 0x00007fffaa1b2000 	C:\Windows\SYSTEM32\UMPDC.dll
0x00007fffa8c60000 - 0x00007fffa8c72000 	C:\Windows\SYSTEM32\kernel.appcore.dll
0x00007fffa12d0000 - 0x00007fffa12da000 	C:\Program Files\Java\jdk-21\bin\jimage.dll
0x00007fffa4610000 - 0x00007fffa47f4000 	C:\Windows\SYSTEM32\DBGHELP.DLL
0x00007fff9f650000 - 0x00007fff9f684000 	C:\Windows\SYSTEM32\dbgcore.DLL
0x00007fffaab10000 - 0x00007fffaab92000 	C:\Windows\System32\bcryptPrimitives.dll
0x00007fffa1bb0000 - 0x00007fffa1bbf000 	C:\Program Files\Java\jdk-21\bin\instrument.dll
0x00007fffa12b0000 - 0x00007fffa12cf000 	C:\Program Files\Java\jdk-21\bin\java.dll
0x00007fffaaf40000 - 0x00007fffab685000 	C:\Windows\System32\SHELL32.dll
0x00007fffa84b0000 - 0x00007fffa8c4b000 	C:\Windows\SYSTEM32\windows.storage.dll
0x00007fffac020000 - 0x00007fffac374000 	C:\Windows\System32\combase.dll
0x00007fffa9de0000 - 0x00007fffa9e0d000 	C:\Windows\SYSTEM32\Wldp.dll
0x00007fffab9a0000 - 0x00007fffaba4d000 	C:\Windows\System32\SHCORE.dll
0x00007fffab7a0000 - 0x00007fffab7f5000 	C:\Windows\System32\shlwapi.dll
0x00007fffaa340000 - 0x00007fffaa365000 	C:\Windows\SYSTEM32\profapi.dll
0x00007fff64960000 - 0x00007fff64a37000 	C:\Program Files\Java\jdk-21\bin\jsvml.dll
0x00007fffa12a0000 - 0x00007fffa12b0000 	C:\Program Files\Java\jdk-21\bin\net.dll
0x00007fffa25c0000 - 0x00007fffa26ca000 	C:\Windows\SYSTEM32\WINHTTP.dll
0x00007fffa9b40000 - 0x00007fffa9baa000 	C:\Windows\system32\mswsock.dll
0x00007fffa1280000 - 0x00007fffa1296000 	C:\Program Files\Java\jdk-21\bin\nio.dll
0x00007fff9e250000 - 0x00007fff9e268000 	C:\Program Files\Java\jdk-21\bin\zip.dll
0x00007fff9dd40000 - 0x00007fff9dd5a000 	C:\Program Files\JetBrains\IntelliJ IDEA Community Edition 2023.2.4\bin\breakgen64.dll
0x000001ab8bca0000 - 0x000001ab8bca3000 	C:\Users\Lenovo\.openjfx\cache\21-ea+null\amd64\api-ms-win-core-console-l1-1-0.dll
0x000001aba8b00000 - 0x000001aba8b03000 	C:\Users\Lenovo\.openjfx\cache\21-ea+null\amd64\api-ms-win-core-console-l1-2-0.dll
0x000001aba8b10000 - 0x000001aba8b13000 	C:\Users\Lenovo\.openjfx\cache\21-ea+null\amd64\api-ms-win-core-datetime-l1-1-0.dll
0x000001aba8b20000 - 0x000001aba8b23000 	C:\Users\Lenovo\.openjfx\cache\21-ea+null\amd64\api-ms-win-core-debug-l1-1-0.dll
0x000001aba8b30000 - 0x000001aba8b33000 	C:\Users\Lenovo\.openjfx\cache\21-ea+null\amd64\api-ms-win-core-errorhandling-l1-1-0.dll
0x000001aba8b40000 - 0x000001aba8b44000 	C:\Users\Lenovo\.openjfx\cache\21-ea+null\amd64\api-ms-win-core-file-l1-1-0.dll
0x000001aba8b50000 - 0x000001aba8b53000 	C:\Users\Lenovo\.openjfx\cache\21-ea+null\amd64\api-ms-win-core-file-l1-2-0.dll
0x000001aba8b60000 - 0x000001aba8b63000 	C:\Users\Lenovo\.openjfx\cache\21-ea+null\amd64\api-ms-win-core-file-l2-1-0.dll
0x000001aba8b70000 - 0x000001aba8b73000 	C:\Users\Lenovo\.openjfx\cache\21-ea+null\amd64\api-ms-win-core-handle-l1-1-0.dll
0x000001aba8b80000 - 0x000001aba8b83000 	C:\Users\Lenovo\.openjfx\cache\21-ea+null\amd64\api-ms-win-core-heap-l1-1-0.dll
0x000001aba8b90000 - 0x000001aba8b93000 	C:\Users\Lenovo\.openjfx\cache\21-ea+null\amd64\api-ms-win-core-interlocked-l1-1-0.dll
0x000001aba8ba0000 - 0x000001aba8ba3000 	C:\Users\Lenovo\.openjfx\cache\21-ea+null\amd64\api-ms-win-core-libraryloader-l1-1-0.dll
0x000001aba8bb0000 - 0x000001aba8bb3000 	C:\Users\Lenovo\.openjfx\cache\21-ea+null\amd64\api-ms-win-core-localization-l1-2-0.dll
0x000001aba8bc0000 - 0x000001aba8bc3000 	C:\Users\Lenovo\.openjfx\cache\21-ea+null\amd64\api-ms-win-core-memory-l1-1-0.dll
0x000001aba8bd0000 - 0x000001aba8bd3000 	C:\Users\Lenovo\.openjfx\cache\21-ea+null\amd64\api-ms-win-core-namedpipe-l1-1-0.dll
0x000001aba8be0000 - 0x000001aba8be3000 	C:\Users\Lenovo\.openjfx\cache\21-ea+null\amd64\api-ms-win-core-processenvironment-l1-1-0.dll
0x000001aba8bf0000 - 0x000001aba8bf3000 	C:\Users\Lenovo\.openjfx\cache\21-ea+null\amd64\api-ms-win-core-processthreads-l1-1-0.dll
0x000001aba8c00000 - 0x000001aba8c03000 	C:\Users\Lenovo\.openjfx\cache\21-ea+null\amd64\api-ms-win-core-processthreads-l1-1-1.dll
0x000001aba8c10000 - 0x000001aba8c13000 	C:\Users\Lenovo\.openjfx\cache\21-ea+null\amd64\api-ms-win-core-profile-l1-1-0.dll
0x000001aba8c20000 - 0x000001aba8c23000 	C:\Users\Lenovo\.openjfx\cache\21-ea+null\amd64\api-ms-win-core-rtlsupport-l1-1-0.dll
0x000001aba8c30000 - 0x000001aba8c33000 	C:\Users\Lenovo\.openjfx\cache\21-ea+null\amd64\api-ms-win-core-string-l1-1-0.dll
0x000001aba8c40000 - 0x000001aba8c43000 	C:\Users\Lenovo\.openjfx\cache\21-ea+null\amd64\api-ms-win-core-synch-l1-1-0.dll
0x000001aba8c50000 - 0x000001aba8c53000 	C:\Users\Lenovo\.openjfx\cache\21-ea+null\amd64\api-ms-win-core-synch-l1-2-0.dll
0x000001aba8c60000 - 0x000001aba8c63000 	C:\Users\Lenovo\.openjfx\cache\21-ea+null\amd64\api-ms-win-core-sysinfo-l1-1-0.dll
0x000001aba8c70000 - 0x000001aba8c73000 	C:\Users\Lenovo\.openjfx\cache\21-ea+null\amd64\api-ms-win-core-timezone-l1-1-0.dll
0x000001aba8c80000 - 0x000001aba8c83000 	C:\Users\Lenovo\.openjfx\cache\21-ea+null\amd64\api-ms-win-core-util-l1-1-0.dll
0x000001aba8c90000 - 0x000001aba8c93000 	C:\Users\Lenovo\.openjfx\cache\21-ea+null\amd64\api-ms-win-crt-conio-l1-1-0.dll
0x000001aba8ca0000 - 0x000001aba8ca4000 	C:\Users\Lenovo\.openjfx\cache\21-ea+null\amd64\api-ms-win-crt-convert-l1-1-0.dll
0x000001aba8cb0000 - 0x000001aba8cb3000 	C:\Users\Lenovo\.openjfx\cache\21-ea+null\amd64\api-ms-win-crt-environment-l1-1-0.dll
0x000001aba8cc0000 - 0x000001aba8cc3000 	C:\Users\Lenovo\.openjfx\cache\21-ea+null\amd64\api-ms-win-crt-filesystem-l1-1-0.dll
0x000001aba8cd0000 - 0x000001aba8cd3000 	C:\Users\Lenovo\.openjfx\cache\21-ea+null\amd64\api-ms-win-crt-heap-l1-1-0.dll
0x000001aba8ce0000 - 0x000001aba8ce3000 	C:\Users\Lenovo\.openjfx\cache\21-ea+null\amd64\api-ms-win-crt-locale-l1-1-0.dll
0x000001aba8cf0000 - 0x000001aba8cf5000 	C:\Users\Lenovo\.openjfx\cache\21-ea+null\amd64\api-ms-win-crt-math-l1-1-0.dll
0x000001aba8d00000 - 0x000001aba8d05000 	C:\Users\Lenovo\.openjfx\cache\21-ea+null\amd64\api-ms-win-crt-multibyte-l1-1-0.dll
0x000001aba8d10000 - 0x000001aba8d20000 	C:\Users\Lenovo\.openjfx\cache\21-ea+null\amd64\api-ms-win-crt-private-l1-1-0.dll
0x000001aba8d20000 - 0x000001aba8d23000 	C:\Users\Lenovo\.openjfx\cache\21-ea+null\amd64\api-ms-win-crt-process-l1-1-0.dll
0x000001aba8d30000 - 0x000001aba8d34000 	C:\Users\Lenovo\.openjfx\cache\21-ea+null\amd64\api-ms-win-crt-runtime-l1-1-0.dll
0x000001aba8d40000 - 0x000001aba8d44000 	C:\Users\Lenovo\.openjfx\cache\21-ea+null\amd64\api-ms-win-crt-stdio-l1-1-0.dll
0x000001aba8d50000 - 0x000001aba8d54000 	C:\Users\Lenovo\.openjfx\cache\21-ea+null\amd64\api-ms-win-crt-string-l1-1-0.dll
0x000001aba8d60000 - 0x000001aba8d63000 	C:\Users\Lenovo\.openjfx\cache\21-ea+null\amd64\api-ms-win-crt-time-l1-1-0.dll
0x000001aba8d70000 - 0x000001aba8d73000 	C:\Users\Lenovo\.openjfx\cache\21-ea+null\amd64\api-ms-win-crt-utility-l1-1-0.dll
0x00007fff5f060000 - 0x00007fff5f15c000 	C:\Users\Lenovo\.openjfx\cache\21-ea+null\amd64\ucrtbase.dll
0x00007fff68300000 - 0x00007fff6831b000 	C:\Users\Lenovo\.openjfx\cache\21-ea+null\amd64\vcruntime140.dll
0x00007fff7e120000 - 0x00007fff7e12c000 	C:\Users\Lenovo\.openjfx\cache\21-ea+null\amd64\vcruntime140_1.dll
0x00007fff5d9d0000 - 0x00007fff5da5e000 	C:\Users\Lenovo\.openjfx\cache\21-ea+null\amd64\msvcp140.dll
0x00007fffac380000 - 0x00007fffac4ab000 	C:\Windows\System32\ole32.dll
0x00007fff71010000 - 0x00007fff71019000 	C:\Users\Lenovo\.openjfx\cache\21-ea+null\amd64\msvcp140_1.dll
0x00007fff64740000 - 0x00007fff6476f000 	C:\Users\Lenovo\.openjfx\cache\21-ea+null\amd64\msvcp140_2.dll
0x00007fff63110000 - 0x00007fff6313f000 	C:\Users\Lenovo\.openjfx\cache\21-ea+null\amd64\prism_d3d.dll
0x00007fff643c0000 - 0x00007fff6458d000 	C:\Windows\system32\d3d9.dll
0x00007fffa7ba0000 - 0x00007fffa7bcf000 	C:\Windows\SYSTEM32\dwmapi.dll
0x00007fffa7a60000 - 0x00007fffa7afe000 	C:\Windows\system32\uxtheme.dll
0x00007fff5c320000 - 0x00007fff5c485000 	C:\Windows\System32\DriverStore\FileRepository\iigd_dch.inf_amd64_f0e062e8bfff4ed5\igdumdim64.dll
0x00007fff209b0000 - 0x00007fff245d5000 	C:\Windows\System32\DriverStore\FileRepository\iigd_dch.inf_amd64_f0e062e8bfff4ed5\igd9dxva64.dll
0x00007fffac570000 - 0x00007fffac63d000 	C:\Windows\System32\OLEAUT32.dll
0x00007fffac640000 - 0x00007fffacaae000 	C:\Windows\System32\SETUPAPI.dll
0x00007fffaaac0000 - 0x00007fffaab0e000 	C:\Windows\System32\cfgmgr32.dll
0x00007fffaaba0000 - 0x00007fffaabc7000 	C:\Windows\System32\bcrypt.dll
0x00007fff89120000 - 0x00007fff894dd000 	C:\Windows\System32\DriverStore\FileRepository\iigd_dch.inf_amd64_f0e062e8bfff4ed5\igdgmm64.dll
0x00007fff60a20000 - 0x00007fff60a62000 	C:\Users\Lenovo\.openjfx\cache\21-ea+null\amd64\glass.dll
0x00007fffabc30000 - 0x00007fffabd0a000 	C:\Windows\System32\COMDLG32.dll
0x00007fffab800000 - 0x00007fffab914000 	C:\Windows\System32\MSCTF.dll
0x00007fffa1910000 - 0x00007fffa1937000 	C:\Windows\System32\DriverStore\FileRepository\iigd_dch.inf_amd64_f0e062e8bfff4ed5\igdinfo64.dll
0x00007fffa9d30000 - 0x00007fffa9d48000 	C:\Windows\SYSTEM32\CRYPTSP.dll
0x00007fffa9410000 - 0x00007fffa9444000 	C:\Windows\system32\rsaenh.dll
0x00007fffa9dd0000 - 0x00007fffa9ddc000 	C:\Windows\SYSTEM32\CRYPTBASE.dll
0x00007fff85ee0000 - 0x00007fff89118000 	C:\Windows\System32\DriverStore\FileRepository\iigd_dch.inf_amd64_f0e062e8bfff4ed5\igc64.dll
0x00007fffa2210000 - 0x00007fffa224b000 	C:\Windows\SYSTEM32\dxcore.dll
0x00007fff64de0000 - 0x00007fff64df4000 	C:\Users\Lenovo\.openjfx\cache\21-ea+null\amd64\javafx_font.dll
0x00007fff8bd00000 - 0x00007fff8bf7f000 	C:\Windows\SYSTEM32\dwrite.dll
0x00007fffab690000 - 0x00007fffab739000 	C:\Windows\System32\clbcatq.dll
0x00007fff8d160000 - 0x00007fff8d314000 	C:\Windows\SYSTEM32\WindowsCodecs.dll
0x00007fff8bb80000 - 0x00007fff8bbbe000 	C:\Windows\system32\dataexchange.dll
0x00007fffa3090000 - 0x00007fffa32f3000 	C:\Windows\system32\d3d11.dll
0x00007fffa38c0000 - 0x00007fffa3aa3000 	C:\Windows\system32\dcomp.dll
0x00007fffa8cd0000 - 0x00007fffa8dc3000 	C:\Windows\system32\dxgi.dll
0x00007fffa0210000 - 0x00007fffa0413000 	C:\Windows\system32\twinapi.appcore.dll
0x00007fff6c550000 - 0x00007fff6c584000 	C:\Program Files\Common Files\Microsoft Shared\Ink\rtscom.dll
0x00007fff8dd90000 - 0x00007fff8de89000 	C:\Windows\SYSTEM32\textinputframework.dll
0x00007fffa4190000 - 0x00007fffa4282000 	C:\Windows\System32\CoreMessaging.dll
0x00007fffa3e30000 - 0x00007fffa418b000 	C:\Windows\System32\CoreUIComponents.dll

dbghelp: loaded successfully - version: 4.0.5 - missing functions: none
symbol engine: initialized successfully - sym options: 0x614 - pdb path: .;C:\Program Files\Java\jdk-21\bin;C:\Windows\SYSTEM32;C:\Windows\WinSxS\amd64_microsoft.windows.common-controls_6595b64144ccf1df_6.0.19041.3636_none_60b6a03d71f818d5;C:\Program Files\Java\jdk-21\bin\server;C:\Program Files\JetBrains\IntelliJ IDEA Community Edition 2023.2.4\bin;C:\Users\Lenovo\.openjfx\cache\21-ea+null\amd64;C:\Windows\System32\DriverStore\FileRepository\iigd_dch.inf_amd64_f0e062e8bfff4ed5;C:\Program Files\Common Files\Microsoft Shared\Ink;C:\Program Files\Bonjour

VM Arguments:
jvm_args: -javaagent:C:\Program Files\JetBrains\IntelliJ IDEA Community Edition 2023.2.4\lib\idea_rt.jar=59693:C:\Program Files\JetBrains\IntelliJ IDEA Community Edition 2023.2.4\bin -Dfile.encoding=UTF-8 -Dsun.stdout.encoding=UTF-8 -Dsun.stderr.encoding=UTF-8 --module-path=C:\Users\Lenovo\.m2\repository\org\openjfx\javafx-fxml\21-ea+24\javafx-fxml-21-ea+24-win.jar;C:\Users\Lenovo\.m2\repository\org\openjfx\javafx-controls\21-ea+24\javafx-controls-21-ea+24-win.jar;C:\Users\Lenovo\IdeaProjects\demo18\target\classes;C:\Users\Lenovo\.m2\repository\org\openjfx\javafx-graphics\21-ea+24\javafx-graphics-21-ea+24-win.jar;C:\Users\Lenovo\.m2\repository\org\openjfx\javafx-base\21-ea+24\javafx-base-21-ea+24-win.jar -Djdk.module.main=com.example.demo18 
java_command: com.example.demo18/com.example.demo18.HelloApplication
java_class_path (initial): C:\Users\Lenovo\.m2\repository\org\postgresql\postgresql\42.7.0\postgresql-42.7.0.jar;C:\Users\Lenovo\.m2\repository\org\checkerframework\checker-qual\3.31.0\checker-qual-3.31.0.jar;C:\Users\Lenovo\.m2\repository\org\openjfx\javafx-controls\21-ea+24\javafx-controls-21-ea+24.jar;C:\Users\Lenovo\.m2\repository\org\openjfx\javafx-graphics\21-ea+24\javafx-graphics-21-ea+24.jar;C:\Users\Lenovo\.m2\repository\org\openjfx\javafx-base\21-ea+24\javafx-base-21-ea+24.jar;C:\Users\Lenovo\.m2\repository\org\openjfx\javafx-fxml\21-ea+24\javafx-fxml-21-ea+24.jar
Launcher Type: SUN_STANDARD

[Global flags]
     intx CICompilerCount                          = 4                                         {product} {ergonomic}
     uint ConcGCThreads                            = 2                                         {product} {ergonomic}
     uint G1ConcRefinementThreads                  = 8                                         {product} {ergonomic}
   size_t G1HeapRegionSize                         = 1048576                                   {product} {ergonomic}
    uintx GCDrainStackTargetSize                   = 64                                        {product} {ergonomic}
   size_t InitialHeapSize                          = 132120576                                 {product} {ergonomic}
   size_t MarkStackSize                            = 4194304                                   {product} {ergonomic}
   size_t MaxHeapSize                              = 2088763392                                {product} {ergonomic}
   size_t MaxNewSize                               = 1253048320                                {product} {ergonomic}
   size_t MinHeapDeltaBytes                        = 1048576                                   {product} {ergonomic}
   size_t MinHeapSize                              = 8388608                                   {product} {ergonomic}
    uintx NonNMethodCodeHeapSize                   = 5839372                                {pd product} {ergonomic}
    uintx NonProfiledCodeHeapSize                  = 122909434                              {pd product} {ergonomic}
    uintx ProfiledCodeHeapSize                     = 122909434                              {pd product} {ergonomic}
    uintx ReservedCodeCacheSize                    = 251658240                              {pd product} {ergonomic}
     bool SegmentedCodeCache                       = true                                      {product} {ergonomic}
   size_t SoftMaxHeapSize                          = 2088763392                             {manageable} {ergonomic}
     bool UseCompressedOops                        = true                           {product lp64_product} {ergonomic}
     bool UseG1GC                                  = true                                      {product} {ergonomic}
     bool UseLargePagesIndividualAllocation        = false                                  {pd product} {ergonomic}

Logging:
Log output configuration:
 #0: stdout all=warning uptime,level,tags foldmultilines=false
 #1: stderr all=off uptime,level,tags foldmultilines=false

Environment Variables:
PATH=C:\Python312\Scripts\;C:\Python312\;C:\Program Files\Common Files\Oracle\Java\javapath;C:\Python311\Scripts\;C:\Python311\;C:\ProgramData\Oracle\Java\javapath;C:\Windows\system32;C:\Windows;C:\Windows\System32\Wbem;C:\Windows\System32\WindowsPowerShell\v1.0\;C:\Windows\System32\OpenSSH\;C:\Program Files\Microsoft SQL Server\150\Tools\Binn\;C:\Program Files\Microsoft SQL Server\Client SDK\ODBC\170\Tools\Binn\;C:\Program Files\dotnet\;C:\ProgramData\chocolatey\bin;C:\Program Files\Git\cmd;C:\Program Files\nodejs\;C:\Users\Lenovo\AppData\Local\Microsoft\WindowsApps;;C:\Users\Lenovo\AppData\Local\Programs\Microsoft VS Code\bin;C:\Users\Lenovo\.dotnet\tools;C:\Program Files\JetBrains\IntelliJ IDEA Community Edition 2023.2.4\bin;;C:\Users\Lenovo\AppData\Roaming\npm
USERNAME=Lenovo
OS=Windows_NT
PROCESSOR_IDENTIFIER=Intel64 Family 6 Model 126 Stepping 5, GenuineIntel
TMP=C:\Users\Lenovo\AppData\Local\Temp
TEMP=C:\Users\Lenovo\AppData\Local\Temp




---------------  S Y S T E M  ---------------

OS:
 Windows 10 , 64 bit Build 19041 (10.0.19041.3636)
OS uptime: 0 days 22:51 hours

CPU: total 8 (initial active 8) (4 cores per cpu, 2 threads per core) family 6 model 126 stepping 5 microcode 0xb2, cx8, cmov, fxsr, ht, mmx, 3dnowpref, sse, sse2, sse3, ssse3, sse4.1, sse4.2, popcnt, lzcnt, tsc, tscinvbit, avx, avx2, aes, erms, clmul, bmi1, bmi2, adx, avx512f, avx512dq, avx512cd, avx512bw, avx512vl, sha, fma, vzeroupper, avx512_vpopcntdq, avx512_vpclmulqdq, avx512_vaes, avx512_vnni, clflush, clflushopt, avx512_vbmi2, avx512_vbmi, rdtscp, rdpid, fsrm, gfni, avx512_bitalg, f16c, pku, avx512_ifma
Processor Information for all 8 processors :
  Max Mhz: 1498, Current Mhz: 1298, Mhz Limit: 1288

Memory: 4k page, system-wide physical 7960M (764M free)
TotalPageFile size 10960M (AvailPageFile size 6M)
current process WorkingSet (physical memory assigned to process): 301M, peak: 305M
current process commit charge ("private bytes"): 335M, peak: 338M

vm_info: Java HotSpot(TM) 64-Bit Server VM (21+35-LTS-2513) for windows-amd64 JRE (21+35-LTS-2513), built on 2023-08-09T20:25:10Z by "mach5one" with MS VC++ 17.1 (VS2022)

END.
